"../../../Engine/Content/EditorResources/S_Actor.ubulk" 0
"../../../Engine/Content/EditorResources/S_Actor.uasset" 1
"../../../Engine/Content/EditorResources/S_Actor.uexp" 2
"../../../Engine/Content/EditorResources/S_BoxReflectionCapture.uasset" 3
"../../../Engine/Content/EditorResources/S_BoxReflectionCapture.uexp" 4
"../../../Engine/Content/EngineResources/DefaultTextureCube.uasset" 5
"../../../Engine/Content/EngineResources/DefaultTextureCube.uexp" 6
"../../../Engine/Content/EngineResources/DefaultVolumeTexture2D.uasset" 7
"../../../Engine/Content/EngineResources/DefaultVolumeTexture2D.uexp" 8
"../../../Engine/Content/EngineResources/DefaultVolumeTexture.uasset" 9
"../../../Engine/Content/EngineResources/DefaultVolumeTexture.uexp" 10
"../../../Engine/Content/EditorResources/S_Trigger.ubulk" 11
"../../../Engine/Content/EditorResources/S_Trigger.uasset" 12
"../../../Engine/Content/EditorResources/S_Trigger.uexp" 13
"../../../Engine/Content/EditorResources/S_TriggerBox.uasset" 14
"../../../Engine/Content/EditorResources/S_TriggerBox.uexp" 15
"../../../Engine/Content/EditorResources/S_TriggerCapsule.uasset" 16
"../../../Engine/Content/EditorResources/S_TriggerCapsule.uexp" 17
"../../../Engine/Content/EditorResources/S_TriggerSphere.uasset" 18
"../../../Engine/Content/EditorResources/S_TriggerSphere.uexp" 19
"../../../Engine/Content/EngineMeshes/Sphere.ubulk" 20
"../../../Engine/Content/EngineMeshes/Sphere.uasset" 21
"../../../Engine/Content/EngineMeshes/Sphere.uexp" 22
"../../../Engine/Content/EngineResources/GradientTexture0.uasset" 23
"../../../Engine/Content/EngineResources/GradientTexture0.uexp" 24
"../../../Engine/Content/EngineResources/Black.uasset" 25
"../../../Engine/Content/EngineResources/Black.uexp" 26
"../../../Engine/Content/VREditor/LaserPointer/VR_LaserPower_01.ubulk" 27
"../../../Engine/Content/VREditor/LaserPointer/VR_LaserPower_01.uasset" 28
"../../../Engine/Content/VREditor/LaserPointer/VR_LaserPower_01.uexp" 29
"../../../Engine/Content/VREditor/TransformGizmo/TransformGizmoMaterial.uasset" 30
"../../../Engine/Content/VREditor/TransformGizmo/TransformGizmoMaterial.uexp" 31
"../../../Engine/Content/VREditor/TransformGizmo/TranslucentTransformGizmoMaterial.uasset" 32
"../../../Engine/Content/VREditor/TransformGizmo/TranslucentTransformGizmoMaterial.uexp" 33
"../../../Engine/Content/VREditor/TransformGizmo/BoundingBoxCorner.ubulk" 34
"../../../Engine/Content/VREditor/TransformGizmo/BoundingBoxCorner.uasset" 35
"../../../Engine/Content/VREditor/TransformGizmo/BoundingBoxCorner.uexp" 36
"../../../Engine/Content/VREditor/TransformGizmo/BoundingBoxEdge.ubulk" 37
"../../../Engine/Content/VREditor/TransformGizmo/BoundingBoxEdge.uasset" 38
"../../../Engine/Content/VREditor/TransformGizmo/BoundingBoxEdge.uexp" 39
"../../../Engine/Content/VREditor/TransformGizmo/Main.uasset" 40
"../../../Engine/Content/VREditor/TransformGizmo/Main.uexp" 41
"../../../Engine/Content/VREditor/TransformGizmo/Xray.uasset" 42
"../../../Engine/Content/VREditor/TransformGizmo/Xray.uexp" 43
"../../../Engine/Content/VREditor/TransformGizmo/SM_Sequencer_Node.ubulk" 44
"../../../Engine/Content/VREditor/TransformGizmo/SM_Sequencer_Node.uasset" 45
"../../../Engine/Content/VREditor/TransformGizmo/SM_Sequencer_Node.uexp" 46
"../../../Engine/Content/EditorResources/S_Solver.ubulk" 47
"../../../Engine/Content/EditorResources/S_Solver.uasset" 48
"../../../Engine/Content/EditorResources/S_Solver.uexp" 49
"../../../Engine/Content/EditorMaterials/Camera/CineMat.uasset" 50
"../../../Engine/Content/EditorMaterials/Camera/CineMat.uexp" 51
"../../../Engine/Content/EditorMaterials/Camera/MI_CineMat_Rig.uasset" 52
"../../../Engine/Content/EditorMaterials/Camera/MI_CineMat_Rig.uexp" 53
"../../../Engine/Content/EditorMeshes/Camera/SM_CraneRig_Base.ubulk" 54
"../../../Engine/Content/EditorMeshes/Camera/SM_CraneRig_Base.uasset" 55
"../../../Engine/Content/EditorMeshes/Camera/SM_CraneRig_Base.uexp" 56
"../../../Engine/Content/EditorMeshes/Camera/SM_CraneRig_Arm.ubulk" 57
"../../../Engine/Content/EditorMeshes/Camera/SM_CraneRig_Arm.uasset" 58
"../../../Engine/Content/EditorMeshes/Camera/SM_CraneRig_Arm.uexp" 59
"../../../Engine/Content/EditorMeshes/Camera/SM_CraneRig_Mount.ubulk" 60
"../../../Engine/Content/EditorMeshes/Camera/SM_CraneRig_Mount.uasset" 61
"../../../Engine/Content/EditorMeshes/Camera/SM_CraneRig_Mount.uexp" 62
"../../../Engine/Content/EditorMeshes/Camera/SM_CraneRig_Body.ubulk" 63
"../../../Engine/Content/EditorMeshes/Camera/SM_CraneRig_Body.uasset" 64
"../../../Engine/Content/EditorMeshes/Camera/SM_CraneRig_Body.uexp" 65
"../../../Engine/Content/EditorMeshes/Camera/SM_RailRig_Track.ubulk" 66
"../../../Engine/Content/EditorMeshes/Camera/SM_RailRig_Track.uasset" 67
"../../../Engine/Content/EditorMeshes/Camera/SM_RailRig_Track.uexp" 68
"../../../Engine/Content/EditorMeshes/Camera/SM_RailRig_Mount.ubulk" 69
"../../../Engine/Content/EditorMeshes/Camera/SM_RailRig_Mount.uasset" 70
"../../../Engine/Content/EditorMeshes/Camera/SM_RailRig_Mount.uexp" 71
"../../../Engine/Content/EngineMaterials/T_Default_Material_Grid_M.ubulk" 72
"../../../Engine/Content/EngineMaterials/T_Default_Material_Grid_M.uasset" 73
"../../../Engine/Content/EngineMaterials/T_Default_Material_Grid_M.uexp" 74
"../../../Engine/Content/EngineMaterials/T_Default_Material_Grid_N.ubulk" 75
"../../../Engine/Content/EngineMaterials/T_Default_Material_Grid_N.uasset" 76
"../../../Engine/Content/EngineMaterials/T_Default_Material_Grid_N.uexp" 77
"../../../Engine/Content/Functions/Engine_MaterialFunctions01/Opacity/CameraDepthFade.uasset" 78
"../../../Engine/Content/Functions/Engine_MaterialFunctions01/Opacity/CameraDepthFade.uexp" 79
"../../../Engine/Content/EngineMaterials/WorldGridMaterial.uasset" 80
"../../../Engine/Content/EngineMaterials/WorldGridMaterial.uexp" 81
"../../../Engine/Content/ArtTools/RenderToTexture/Meshes/S_1_Unit_Plane.ubulk" 82
"../../../Engine/Content/ArtTools/RenderToTexture/Meshes/S_1_Unit_Plane.uasset" 83
"../../../Engine/Content/ArtTools/RenderToTexture/Meshes/S_1_Unit_Plane.uexp" 84
"../../../Engine/Content/EditorMaterials/ParticleSystems/PSysThumbnail_NoImage.ubulk" 85
"../../../Engine/Content/EditorMaterials/ParticleSystems/PSysThumbnail_NoImage.uasset" 86
"../../../Engine/Content/EditorMaterials/ParticleSystems/PSysThumbnail_NoImage.uexp" 87
"../../../Engine/Content/EditorMaterials/ParticleSystems/PSysThumbnail_OOD.ubulk" 88
"../../../Engine/Content/EditorMaterials/ParticleSystems/PSysThumbnail_OOD.uasset" 89
"../../../Engine/Content/EditorMaterials/ParticleSystems/PSysThumbnail_OOD.uexp" 90
"../../../Engine/Content/EditorLandscapeResources/SplineEditorMeshMat.uasset" 91
"../../../Engine/Content/EditorLandscapeResources/SplineEditorMeshMat.uexp" 92
"../../../Engine/Content/EditorLandscapeResources/SplineEditorMesh.ubulk" 93
"../../../Engine/Content/EditorLandscapeResources/SplineEditorMesh.uasset" 94
"../../../Engine/Content/EditorLandscapeResources/SplineEditorMesh.uexp" 95
"../../../Engine/Plugins/Media/MediaPlate/Content/SM_MediaPlateScreen.ubulk" 96
"../../../Engine/Plugins/Media/MediaPlate/Content/SM_MediaPlateScreen.uasset" 97
"../../../Engine/Plugins/Media/MediaPlate/Content/SM_MediaPlateScreen.uexp" 98
"../../../Engine/Content/EngineMaterials/DefaultBokeh.uasset" 99
"../../../Engine/Content/EngineMaterials/DefaultBokeh.uexp" 100
"../../../Engine/Content/EngineMaterials/MiniFont.uasset" 101
"../../../Engine/Content/EngineMaterials/MiniFont.uexp" 102
"../../../Engine/Content/EngineMaterials/WeightMapPlaceholderTexture.uasset" 103
"../../../Engine/Content/EngineMaterials/WeightMapPlaceholderTexture.uexp" 104
"../../../Engine/Content/EngineMaterials/WeightMapArrayPlaceholderTexture.uasset" 105
"../../../Engine/Content/EngineMaterials/WeightMapArrayPlaceholderTexture.uexp" 106
"../../../Engine/Content/EngineMaterials/DefaultWhiteGrid.ubulk" 107
"../../../Engine/Content/EngineMaterials/DefaultWhiteGrid.uasset" 108
"../../../Engine/Content/EngineMaterials/DefaultWhiteGrid.uexp" 109
"../../../Engine/Content/EngineMaterials/PreintegratedSkinBRDF.uasset" 110
"../../../Engine/Content/EngineMaterials/PreintegratedSkinBRDF.uexp" 111
"../../../Engine/Plugins/Runtime/MeshModelingToolset/Content/Materials/M_DynamicMeshComponentVtxColor.uasset" 112
"../../../Engine/Plugins/Runtime/MeshModelingToolset/Content/Materials/M_DynamicMeshComponentVtxColor.uexp" 113
"../../../Engine/Plugins/Interchange/Runtime/Content/Pipelines/DefaultTexturePipeline.uasset" 114
"../../../Engine/Plugins/Interchange/Runtime/Content/Pipelines/DefaultTexturePipeline.uexp" 115
"../../../Engine/Plugins/Interchange/Runtime/Content/Pipelines/DefaultSceneLevelPipeline.uasset" 116
"../../../Engine/Plugins/Interchange/Runtime/Content/Pipelines/DefaultSceneLevelPipeline.uexp" 117
"../../../Engine/Plugins/Interchange/Runtime/Content/Pipelines/DefaultSceneAssetsPipeline.uasset" 118
"../../../Engine/Plugins/Interchange/Runtime/Content/Pipelines/DefaultSceneAssetsPipeline.uexp" 119
"../../../Engine/Plugins/Interchange/Runtime/Content/Pipelines/DefaultMaterialXPipeline.uasset" 120
"../../../Engine/Plugins/Interchange/Runtime/Content/Pipelines/DefaultMaterialXPipeline.uexp" 121
"../../../Engine/Plugins/Interchange/Runtime/Content/Pipelines/DefaultMaterialPipeline.uasset" 122
"../../../Engine/Plugins/Interchange/Runtime/Content/Pipelines/DefaultMaterialPipeline.uexp" 123
"../../../Engine/Plugins/Interchange/Runtime/Content/Pipelines/DefaultGLTFSceneAssetsPipeline.uasset" 124
"../../../Engine/Plugins/Interchange/Runtime/Content/Pipelines/DefaultGLTFSceneAssetsPipeline.uexp" 125
"../../../Engine/Plugins/Interchange/Runtime/Content/Pipelines/DefaultGLTFPipeline.uasset" 126
"../../../Engine/Plugins/Interchange/Runtime/Content/Pipelines/DefaultGLTFPipeline.uexp" 127
"../../../Engine/Plugins/Interchange/Runtime/Content/Pipelines/DefaultGLTFAssetsPipeline.uasset" 128
"../../../Engine/Plugins/Interchange/Runtime/Content/Pipelines/DefaultGLTFAssetsPipeline.uexp" 129
"../../../Engine/Plugins/Interchange/Runtime/Content/Pipelines/DefaultAssetsPipeline.uasset" 130
"../../../Engine/Plugins/Interchange/Runtime/Content/Pipelines/DefaultAssetsPipeline.uexp" 131
"../../../Engine/Plugins/Interchange/Runtime/Content/Functions/MX_UsdPreviewSurface.uasset" 132
"../../../Engine/Plugins/Interchange/Runtime/Content/Functions/MX_UsdPreviewSurface.uexp" 133
"../../../Engine/Plugins/Interchange/Runtime/Content/Functions/MX_UniformEDF.uasset" 134
"../../../Engine/Plugins/Interchange/Runtime/Content/Functions/MX_UniformEDF.uexp" 135
"../../../Engine/Plugins/Interchange/Runtime/Content/Functions/MX_TranslucentBSDF.uasset" 136
"../../../Engine/Plugins/Interchange/Runtime/Content/Functions/MX_TranslucentBSDF.uexp" 137
"../../../Engine/Plugins/Interchange/Runtime/Content/Functions/MX_ThinFilmBSDF.uasset" 138
"../../../Engine/Plugins/Interchange/Runtime/Content/Functions/MX_ThinFilmBSDF.uexp" 139
"../../../Engine/Plugins/Interchange/Runtime/Content/Functions/MX_SurfaceUnlit.uasset" 140
"../../../Engine/Plugins/Interchange/Runtime/Content/Functions/MX_SurfaceUnlit.uexp" 141
"../../../Engine/Plugins/Interchange/Runtime/Content/Functions/MX_Surface.uasset" 142
"../../../Engine/Plugins/Interchange/Runtime/Content/Functions/MX_Surface.uexp" 143
"../../../Engine/Plugins/Interchange/Runtime/Content/Functions/MX_SubsurfaceBSDF.uasset" 144
"../../../Engine/Plugins/Interchange/Runtime/Content/Functions/MX_SubsurfaceBSDF.uexp" 145
"../../../Engine/Plugins/Interchange/Runtime/Content/Functions/MX_SheenBSDF.uasset" 146
"../../../Engine/Plugins/Interchange/Runtime/Content/Functions/MX_SheenBSDF.uexp" 147
"../../../Engine/Plugins/Interchange/Runtime/Content/Functions/MX_OrenNayarBSDF.uasset" 148
"../../../Engine/Plugins/Interchange/Runtime/Content/Functions/MX_OrenNayarBSDF.uexp" 149
"../../../Engine/Content/Functions/Engine_MaterialFunctions02/Utility/CameraDirectionVector.uasset" 150
"../../../Engine/Content/Functions/Engine_MaterialFunctions02/Utility/CameraDirectionVector.uexp" 151
"../../../Engine/Content/Functions/Engine_MaterialFunctions01/Volumetrics/BeersLaw.uasset" 152
"../../../Engine/Content/Functions/Engine_MaterialFunctions01/Volumetrics/BeersLaw.uexp" 153
"../../../Engine/Content/EngineMaterials/Good64x64TilingNoiseHighFreq.uasset" 154
"../../../Engine/Content/EngineMaterials/Good64x64TilingNoiseHighFreq.uexp" 155
"../../../Engine/Content/Functions/Engine_MaterialFunctions02/Texturing/ScreenAlignedPixelToPixelUVs.uasset" 156
"../../../Engine/Content/Functions/Engine_MaterialFunctions02/Texturing/ScreenAlignedPixelToPixelUVs.uexp" 157
"../../../Engine/Plugins/Interchange/Runtime/Content/gltf/MaterialFunctions/MF_Temporal_Blur.uasset" 158
"../../../Engine/Plugins/Interchange/Runtime/Content/gltf/MaterialFunctions/MF_Temporal_Blur.uexp" 159
"../../../Engine/Plugins/Interchange/Runtime/Content/gltf/MaterialFunctions/MF_Fresnel_DS.uasset" 160
"../../../Engine/Plugins/Interchange/Runtime/Content/gltf/MaterialFunctions/MF_Fresnel_DS.uexp" 161
"../../../Engine/Content/Functions/Engine_MaterialFunctions02/Utility/BreakOutFloat3Components.uasset" 162
"../../../Engine/Content/Functions/Engine_MaterialFunctions02/Utility/BreakOutFloat3Components.uexp" 163
"../../../Engine/Plugins/Interchange/Runtime/Content/Functions/MX_Transmission.uasset" 164
"../../../Engine/Plugins/Interchange/Runtime/Content/Functions/MX_Transmission.uexp" 165
"../../../Engine/Plugins/Interchange/Runtime/Content/Functions/MF_OrenNayerView.uasset" 166
"../../../Engine/Plugins/Interchange/Runtime/Content/Functions/MF_OrenNayerView.uexp" 167
"../../../Engine/Plugins/Interchange/Runtime/Content/Functions/MF_SchlickApprox.uasset" 168
"../../../Engine/Plugins/Interchange/Runtime/Content/Functions/MF_SchlickApprox.uexp" 169
"../../../Engine/Plugins/Interchange/Runtime/Content/Utilities/New_LUT.uasset" 170
"../../../Engine/Plugins/Interchange/Runtime/Content/Utilities/New_LUT.uexp" 171
"../../../Engine/Content/Functions/Engine_MaterialFunctions03/Math/RemapValueRange.uasset" 172
"../../../Engine/Content/Functions/Engine_MaterialFunctions03/Math/RemapValueRange.uexp" 173
"../../../Engine/Plugins/Interchange/Runtime/Content/Functions/MF_Iridescence.uasset" 174
"../../../Engine/Plugins/Interchange/Runtime/Content/Functions/MF_Iridescence.uexp" 175
"../../../Engine/Plugins/Interchange/Runtime/Content/Functions/MX_StandardSurface.uasset" 176
"../../../Engine/Plugins/Interchange/Runtime/Content/Functions/MX_StandardSurface.uexp" 177
"../../../Engine/Plugins/Interchange/Runtime/Content/Functions/MX_TransmissionSurface.uasset" 178
"../../../Engine/Plugins/Interchange/Runtime/Content/Functions/MX_TransmissionSurface.uexp" 179
"../../../Engine/Plugins/Interchange/Runtime/Content/Functions/MX_OpenPBR_Translucent.uasset" 180
"../../../Engine/Plugins/Interchange/Runtime/Content/Functions/MX_OpenPBR_Translucent.uexp" 181
"../../../Engine/Plugins/Interchange/Runtime/Content/Functions/MX_OpenPBR_Opaque.uasset" 182
"../../../Engine/Plugins/Interchange/Runtime/Content/Functions/MX_OpenPBR_Opaque.uexp" 183
"../../../Engine/Plugins/Interchange/Runtime/Content/Functions/MX_MeasuredEDF.uasset" 184
"../../../Engine/Plugins/Interchange/Runtime/Content/Functions/MX_MeasuredEDF.uexp" 185
"../../../Engine/Plugins/Interchange/Runtime/Content/Functions/MX_GeneralizedSchlickBSDF.uasset" 186
"../../../Engine/Plugins/Interchange/Runtime/Content/Functions/MX_GeneralizedSchlickBSDF.uexp" 187
"../../../Engine/Plugins/Interchange/Runtime/Content/Functions/MX_DielectricBSDF.uasset" 188
"../../../Engine/Plugins/Interchange/Runtime/Content/Functions/MX_DielectricBSDF.uexp" 189
"../../../Engine/Plugins/Interchange/Runtime/Content/Functions/MX_ConicalEDF.uasset" 190
"../../../Engine/Plugins/Interchange/Runtime/Content/Functions/MX_ConicalEDF.uexp" 191
"../../../Engine/Plugins/Interchange/Runtime/Content/Functions/MX_ConductorBSDF.uasset" 192
"../../../Engine/Plugins/Interchange/Runtime/Content/Functions/MX_ConductorBSDF.uexp" 193
"../../../Engine/Plugins/Interchange/Runtime/Content/Functions/MX_BurleyDiffuseBSDF.uasset" 194
"../../../Engine/Plugins/Interchange/Runtime/Content/Functions/MX_BurleyDiffuseBSDF.uexp" 195
"../../../Engine/Plugins/Interchange/Runtime/Content/Functions/MX_AnisotropicVDF.uasset" 196
"../../../Engine/Plugins/Interchange/Runtime/Content/Functions/MX_AnisotropicVDF.uexp" 197
"../../../Engine/Plugins/Interchange/Runtime/Content/Functions/MX_AbsorptionVDF.uasset" 198
"../../../Engine/Plugins/Interchange/Runtime/Content/Functions/MX_AbsorptionVDF.uexp" 199
"../../../Engine/Plugins/Editor/SpeedTreeImporter/Content/SpeedTree9/game_wind_noise.ubulk" 200
"../../../Engine/Plugins/Editor/SpeedTreeImporter/Content/SpeedTree9/game_wind_noise.uasset" 201
"../../../Engine/Plugins/Editor/SpeedTreeImporter/Content/SpeedTree9/game_wind_noise.uexp" 202
"../../../Engine/Plugins/Editor/SpeedTreeImporter/Content/SpeedTree9/UnpackDirection.uasset" 203
"../../../Engine/Plugins/Editor/SpeedTreeImporter/Content/SpeedTree9/UnpackDirection.uexp" 204
"../../../Engine/Content/Functions/Engine_MaterialFunctions02/ObjectLocalBounds.uasset" 205
"../../../Engine/Content/Functions/Engine_MaterialFunctions02/ObjectLocalBounds.uexp" 206
"../../../Engine/Content/Functions/Engine_MaterialFunctions02/UVs/BoundingBoxBased_0-1_UVW.uasset" 207
"../../../Engine/Content/Functions/Engine_MaterialFunctions02/UVs/BoundingBoxBased_0-1_UVW.uexp" 208
"../../../Engine/Content/Functions/Engine_MaterialFunctions02/Utility/VectorLength.uasset" 209
"../../../Engine/Content/Functions/Engine_MaterialFunctions02/Utility/VectorLength.uexp" 210
"../../../Engine/Plugins/Editor/SpeedTreeImporter/Content/SpeedTree9/UnpackInteger3.uasset" 211
"../../../Engine/Plugins/Editor/SpeedTreeImporter/Content/SpeedTree9/UnpackInteger3.uexp" 212
"../../../Engine/Plugins/Editor/SpeedTreeImporter/Content/SpeedTree9/SpeedTreeCameraFacing.uasset" 213
"../../../Engine/Plugins/Editor/SpeedTreeImporter/Content/SpeedTree9/SpeedTreeCameraFacing.uexp" 214
"../../../Engine/Content/Functions/Engine_MaterialFunctions02/WorldPositionOffset/ObjectScale.uasset" 215
"../../../Engine/Content/Functions/Engine_MaterialFunctions02/WorldPositionOffset/ObjectScale.uexp" 216
"../../../Engine/Content/Functions/Engine_MaterialFunctions02/SafeNormalize.uasset" 217
"../../../Engine/Content/Functions/Engine_MaterialFunctions02/SafeNormalize.uexp" 218
"../../../Engine/Plugins/Editor/SpeedTreeImporter/Content/SpeedTree9/SpeedTreeWindMotion.uasset" 219
"../../../Engine/Plugins/Editor/SpeedTreeImporter/Content/SpeedTree9/SpeedTreeWindMotion.uexp" 220
"../../../Engine/Plugins/Editor/SpeedTreeImporter/Content/SpeedTree9/SpeedTreeBranchMotion.uasset" 221
"../../../Engine/Plugins/Editor/SpeedTreeImporter/Content/SpeedTree9/SpeedTreeBranchMotion.uexp" 222
"../../../Engine/Plugins/Editor/SpeedTreeImporter/Content/SpeedTree9/SpeedTreeWind.uasset" 223
"../../../Engine/Plugins/Editor/SpeedTreeImporter/Content/SpeedTree9/SpeedTreeWind.uexp" 224
"../../../Engine/Plugins/Editor/SpeedTreeImporter/Content/SpeedTree9/EmptyNormal.uasset" 225
"../../../Engine/Plugins/Editor/SpeedTreeImporter/Content/SpeedTree9/EmptyNormal.uexp" 226
"../../../Engine/Plugins/Editor/SpeedTreeImporter/Content/SpeedTree9/Empty.uasset" 227
"../../../Engine/Plugins/Editor/SpeedTreeImporter/Content/SpeedTree9/Empty.uexp" 228
"../../../Engine/Plugins/Editor/SpeedTreeImporter/Content/SpeedTree9/SpeedTreeMaster.uasset" 229
"../../../Engine/Plugins/Editor/SpeedTreeImporter/Content/SpeedTree9/SpeedTreeMaster.uexp" 230
"../../../Engine/Plugins/Editor/SpeedTreeImporter/Content/SpeedTree9/SpeedTreeBillboard.uasset" 231
"../../../Engine/Plugins/Editor/SpeedTreeImporter/Content/SpeedTree9/SpeedTreeBillboard.uexp" 232
"../../../Engine/Plugins/Editor/SpeedTreeImporter/Content/SpeedTree9/SpeedTreeBillboardMaster.uasset" 233
"../../../Engine/Plugins/Editor/SpeedTreeImporter/Content/SpeedTree9/SpeedTreeBillboardMaster.uexp" 234
"../../../Engine/Content/Functions/Engine_MaterialFunctions02/WorldPositionOffset/CameraOffset.uasset" 235
"../../../Engine/Content/Functions/Engine_MaterialFunctions02/WorldPositionOffset/CameraOffset.uexp" 236
"../../../Engine/Plugins/Animation/ControlRig/Content/M_Manip.uasset" 237
"../../../Engine/Plugins/Animation/ControlRig/Content/M_Manip.uexp" 238
"../../../Engine/Plugins/Animation/ControlRig/Content/Controls/DefaultGizmoLibraryNormalized.uasset" 239
"../../../Engine/Plugins/Animation/ControlRig/Content/Controls/DefaultGizmoLibraryNormalized.uexp" 240
"../../../Engine/Plugins/Animation/ControlRig/Content/Controls/ControlRig_Wedge_solid.ubulk" 241
"../../../Engine/Plugins/Animation/ControlRig/Content/Controls/ControlRig_Wedge_solid.uasset" 242
"../../../Engine/Plugins/Animation/ControlRig/Content/Controls/ControlRig_Wedge_solid.uexp" 243
"../../../Engine/Plugins/Animation/ControlRig/Content/Controls/ControlRig_Wedge_3mm.ubulk" 244
"../../../Engine/Plugins/Animation/ControlRig/Content/Controls/ControlRig_Wedge_3mm.uasset" 245
"../../../Engine/Plugins/Animation/ControlRig/Content/Controls/ControlRig_Wedge_3mm.uexp" 246
"../../../Engine/Plugins/Animation/ControlRig/Content/Controls/ControlRig_Wedge_1mm.ubulk" 247
"../../../Engine/Plugins/Animation/ControlRig/Content/Controls/ControlRig_Wedge_1mm.uasset" 248
"../../../Engine/Plugins/Animation/ControlRig/Content/Controls/ControlRig_Wedge_1mm.uexp" 249
"../../../Engine/Plugins/Animation/ControlRig/Content/Controls/ControlRig_Triangle_solid.ubulk" 250
"../../../Engine/Plugins/Animation/ControlRig/Content/Controls/ControlRig_Triangle_solid.uasset" 251
"../../../Engine/Plugins/Animation/ControlRig/Content/Controls/ControlRig_Triangle_solid.uexp" 252
"../../../Engine/Plugins/Animation/ControlRig/Content/Controls/ControlRig_Triangle_3mm.ubulk" 253
"../../../Engine/Plugins/Animation/ControlRig/Content/Controls/ControlRig_Triangle_3mm.uasset" 254
"../../../Engine/Plugins/Animation/ControlRig/Content/Controls/ControlRig_Triangle_3mm.uexp" 255
"../../../Engine/Plugins/Animation/ControlRig/Content/Controls/ControlRig_Triangle_1mm.ubulk" 256
"../../../Engine/Plugins/Animation/ControlRig/Content/Controls/ControlRig_Triangle_1mm.uasset" 257
"../../../Engine/Plugins/Animation/ControlRig/Content/Controls/ControlRig_Triangle_1mm.uexp" 258
"../../../Engine/Plugins/Animation/ControlRig/Content/Controls/ControlRig_Star4_solid.ubulk" 259
"../../../Engine/Plugins/Animation/ControlRig/Content/Controls/ControlRig_Star4_solid.uasset" 260
"../../../Engine/Plugins/Animation/ControlRig/Content/Controls/ControlRig_Star4_solid.uexp" 261
"../../../Engine/Plugins/Animation/ControlRig/Content/Controls/ControlRig_Star4_3mm.ubulk" 262
"../../../Engine/Plugins/Animation/ControlRig/Content/Controls/ControlRig_Star4_3mm.uasset" 263
"../../../Engine/Plugins/Animation/ControlRig/Content/Controls/ControlRig_Star4_3mm.uexp" 264
"../../../Engine/Plugins/Animation/ControlRig/Content/Controls/ControlRig_Star4_1mm.ubulk" 265
"../../../Engine/Plugins/Animation/ControlRig/Content/Controls/ControlRig_Star4_1mm.uasset" 266
"../../../Engine/Plugins/Animation/ControlRig/Content/Controls/ControlRig_Star4_1mm.uexp" 267
"../../../Engine/Plugins/Animation/ControlRig/Content/Controls/ControlRig_Square_solid.ubulk" 268
"../../../Engine/Plugins/Animation/ControlRig/Content/Controls/ControlRig_Square_solid.uasset" 269
"../../../Engine/Plugins/Animation/ControlRig/Content/Controls/ControlRig_Square_solid.uexp" 270
"../../../Engine/Plugins/Animation/ControlRig/Content/Controls/ControlRig_Square_3mm.ubulk" 271
"../../../Engine/Plugins/Animation/ControlRig/Content/Controls/ControlRig_Square_3mm.uasset" 272
"../../../Engine/Plugins/Animation/ControlRig/Content/Controls/ControlRig_Square_3mm.uexp" 273
"../../../Engine/Plugins/Animation/ControlRig/Content/Controls/ControlRig_Square_1mm.ubulk" 274
"../../../Engine/Plugins/Animation/ControlRig/Content/Controls/ControlRig_Square_1mm.uasset" 275
"../../../Engine/Plugins/Animation/ControlRig/Content/Controls/ControlRig_Square_1mm.uexp" 276
"../../../Engine/Plugins/Animation/ControlRig/Content/Controls/ControlRig_Sphere_solid.ubulk" 277
"../../../Engine/Plugins/Animation/ControlRig/Content/Controls/ControlRig_Sphere_solid.uasset" 278
"../../../Engine/Plugins/Animation/ControlRig/Content/Controls/ControlRig_Sphere_solid.uexp" 279
"../../../Engine/Plugins/Animation/ControlRig/Content/Controls/ControlRig_Sphere_3mm.ubulk" 280
"../../../Engine/Plugins/Animation/ControlRig/Content/Controls/ControlRig_Sphere_3mm.uasset" 281
"../../../Engine/Plugins/Animation/ControlRig/Content/Controls/ControlRig_Sphere_3mm.uexp" 282
"../../../Engine/Plugins/Animation/ControlRig/Content/Controls/ControlRig_Sphere_1mm.ubulk" 283
"../../../Engine/Plugins/Animation/ControlRig/Content/Controls/ControlRig_Sphere_1mm.uasset" 284
"../../../Engine/Plugins/Animation/ControlRig/Content/Controls/ControlRig_Sphere_1mm.uexp" 285
"../../../Engine/Plugins/Animation/ControlRig/Content/Controls/ControlRig_RoundedTriangle_solid.ubulk" 286
"../../../Engine/Plugins/Animation/ControlRig/Content/Controls/ControlRig_RoundedTriangle_solid.uasset" 287
"../../../Engine/Plugins/Animation/ControlRig/Content/Controls/ControlRig_RoundedTriangle_solid.uexp" 288
"../../../Engine/Plugins/Animation/ControlRig/Content/Controls/ControlRig_RoundedTriangle_3mm.ubulk" 289
"../../../Engine/Plugins/Animation/ControlRig/Content/Controls/ControlRig_RoundedTriangle_3mm.uasset" 290
"../../../Engine/Plugins/Animation/ControlRig/Content/Controls/ControlRig_RoundedTriangle_3mm.uexp" 291
"../../../Engine/Plugins/Animation/ControlRig/Content/Controls/ControlRig_RoundedTriangle_1mm.ubulk" 292
"../../../Engine/Plugins/Animation/ControlRig/Content/Controls/ControlRig_RoundedTriangle_1mm.uasset" 293
"../../../Engine/Plugins/Animation/ControlRig/Content/Controls/ControlRig_RoundedTriangle_1mm.uexp" 294
"../../../Engine/Plugins/Animation/ControlRig/Content/Controls/ControlRig_RoundedSquare_solid.ubulk" 295
"../../../Engine/Plugins/Animation/ControlRig/Content/Controls/ControlRig_RoundedSquare_solid.uasset" 296
"../../../Engine/Plugins/Animation/ControlRig/Content/Controls/ControlRig_RoundedSquare_solid.uexp" 297
"../../../Engine/Plugins/Animation/ControlRig/Content/Controls/ControlRig_RoundedSquare_3mm.ubulk" 298
"../../../Engine/Plugins/Animation/ControlRig/Content/Controls/ControlRig_RoundedSquare_3mm.uasset" 299
"../../../Engine/Plugins/Animation/ControlRig/Content/Controls/ControlRig_RoundedSquare_3mm.uexp" 300
"../../../Engine/Plugins/Animation/ControlRig/Content/Controls/ControlRig_RoundedSquare_1mm.ubulk" 301
"../../../Engine/Plugins/Animation/ControlRig/Content/Controls/ControlRig_RoundedSquare_1mm.uasset" 302
"../../../Engine/Plugins/Animation/ControlRig/Content/Controls/ControlRig_RoundedSquare_1mm.uexp" 303
"../../../Engine/Plugins/Animation/ControlRig/Content/Controls/ControlRig_QuarterCircle_solid.ubulk" 304
"../../../Engine/Plugins/Animation/ControlRig/Content/Controls/ControlRig_QuarterCircle_solid.uasset" 305
"../../../Engine/Plugins/Animation/ControlRig/Content/Controls/ControlRig_QuarterCircle_solid.uexp" 306
"../../../Engine/Plugins/Animation/ControlRig/Content/Controls/ControlRig_QuarterCircle_3mm.ubulk" 307
"../../../Engine/Plugins/Animation/ControlRig/Content/Controls/ControlRig_QuarterCircle_3mm.uasset" 308
"../../../Engine/Plugins/Animation/ControlRig/Content/Controls/ControlRig_QuarterCircle_3mm.uexp" 309
"../../../Engine/Plugins/Animation/ControlRig/Content/Controls/ControlRig_QuarterCircle_1mm.ubulk" 310
"../../../Engine/Plugins/Animation/ControlRig/Content/Controls/ControlRig_QuarterCircle_1mm.uasset" 311
"../../../Engine/Plugins/Animation/ControlRig/Content/Controls/ControlRig_QuarterCircle_1mm.uexp" 312
"../../../Engine/Plugins/Animation/ControlRig/Content/Controls/ControlRig_Pyramid_solid.ubulk" 313
"../../../Engine/Plugins/Animation/ControlRig/Content/Controls/ControlRig_Pyramid_solid.uasset" 314
"../../../Engine/Plugins/Animation/ControlRig/Content/Controls/ControlRig_Pyramid_solid.uexp" 315
"../../../Engine/Plugins/Animation/ControlRig/Content/Controls/ControlRig_Pyramid_3mm.ubulk" 316
"../../../Engine/Plugins/Animation/ControlRig/Content/Controls/ControlRig_Pyramid_3mm.uasset" 317
"../../../Engine/Plugins/Animation/ControlRig/Content/Controls/ControlRig_Pyramid_3mm.uexp" 318
"../../../Engine/Plugins/Animation/ControlRig/Content/Controls/ControlRig_Pyramid_1mm.ubulk" 319
"../../../Engine/Plugins/Animation/ControlRig/Content/Controls/ControlRig_Pyramid_1mm.uasset" 320
"../../../Engine/Plugins/Animation/ControlRig/Content/Controls/ControlRig_Pyramid_1mm.uexp" 321
"../../../Engine/Plugins/Animation/ControlRig/Content/Controls/ControlRig_Octagon_solid.ubulk" 322
"../../../Engine/Plugins/Animation/ControlRig/Content/Controls/ControlRig_Octagon_solid.uasset" 323
"../../../Engine/Plugins/Animation/ControlRig/Content/Controls/ControlRig_Octagon_solid.uexp" 324
"../../../Engine/Plugins/Animation/ControlRig/Content/Controls/ControlRig_Octagon_3mm.ubulk" 325
"../../../Engine/Plugins/Animation/ControlRig/Content/Controls/ControlRig_Octagon_3mm.uasset" 326
"../../../Engine/Plugins/Animation/ControlRig/Content/Controls/ControlRig_Octagon_3mm.uexp" 327
"../../../Engine/Plugins/Animation/ControlRig/Content/Controls/ControlRig_Octagon_1mm.ubulk" 328
"../../../Engine/Plugins/Animation/ControlRig/Content/Controls/ControlRig_Octagon_1mm.uasset" 329
"../../../Engine/Plugins/Animation/ControlRig/Content/Controls/ControlRig_Octagon_1mm.uexp" 330
"../../../Engine/Plugins/Animation/ControlRig/Content/Controls/ControlRig_Hexagon_solid.ubulk" 331
"../../../Engine/Plugins/Animation/ControlRig/Content/Controls/ControlRig_Hexagon_solid.uasset" 332
"../../../Engine/Plugins/Animation/ControlRig/Content/Controls/ControlRig_Hexagon_solid.uexp" 333
"../../../Engine/Plugins/Animation/ControlRig/Content/Controls/ControlRig_Hexagon_3mm.ubulk" 334
"../../../Engine/Plugins/Animation/ControlRig/Content/Controls/ControlRig_Hexagon_3mm.uasset" 335
"../../../Engine/Plugins/Animation/ControlRig/Content/Controls/ControlRig_Hexagon_3mm.uexp" 336
"../../../Engine/Plugins/Animation/ControlRig/Content/Controls/ControlRig_Hexagon_1mm.ubulk" 337
"../../../Engine/Plugins/Animation/ControlRig/Content/Controls/ControlRig_Hexagon_1mm.uasset" 338
"../../../Engine/Plugins/Animation/ControlRig/Content/Controls/ControlRig_Hexagon_1mm.uexp" 339
"../../../Engine/Plugins/Animation/ControlRig/Content/Controls/ControlRig_HalfCircle_solid.ubulk" 340
"../../../Engine/Plugins/Animation/ControlRig/Content/Controls/ControlRig_HalfCircle_solid.uasset" 341
"../../../Engine/Plugins/Animation/ControlRig/Content/Controls/ControlRig_HalfCircle_solid.uexp" 342
"../../../Engine/Plugins/Animation/ControlRig/Content/Controls/ControlRig_HalfCircle_3mm.ubulk" 343
"../../../Engine/Plugins/Animation/ControlRig/Content/Controls/ControlRig_HalfCircle_3mm.uasset" 344
"../../../Engine/Plugins/Animation/ControlRig/Content/Controls/ControlRig_HalfCircle_3mm.uexp" 345
"../../../Engine/Plugins/Animation/ControlRig/Content/Controls/ControlRig_HalfCircle_1mm.ubulk" 346
"../../../Engine/Plugins/Animation/ControlRig/Content/Controls/ControlRig_HalfCircle_1mm.uasset" 347
"../../../Engine/Plugins/Animation/ControlRig/Content/Controls/ControlRig_HalfCircle_1mm.uexp" 348
"../../../Engine/Plugins/Animation/ControlRig/Content/Controls/ControlRig_Diamond_solid.ubulk" 349
"../../../Engine/Plugins/Animation/ControlRig/Content/Controls/ControlRig_Diamond_solid.uasset" 350
"../../../Engine/Plugins/Animation/ControlRig/Content/Controls/ControlRig_Diamond_solid.uexp" 351
"../../../Engine/Plugins/Animation/ControlRig/Content/Controls/ControlRig_Diamond_3mm.ubulk" 352
"../../../Engine/Plugins/Animation/ControlRig/Content/Controls/ControlRig_Diamond_3mm.uasset" 353
"../../../Engine/Plugins/Animation/ControlRig/Content/Controls/ControlRig_Diamond_3mm.uexp" 354
"../../../Engine/Plugins/Animation/ControlRig/Content/Controls/ControlRig_Diamond_1mm.ubulk" 355
"../../../Engine/Plugins/Animation/ControlRig/Content/Controls/ControlRig_Diamond_1mm.uasset" 356
"../../../Engine/Plugins/Animation/ControlRig/Content/Controls/ControlRig_Diamond_1mm.uexp" 357
"../../../Engine/Plugins/Animation/ControlRig/Content/Controls/ControlRig_Circle_solid.ubulk" 358
"../../../Engine/Plugins/Animation/ControlRig/Content/Controls/ControlRig_Circle_solid.uasset" 359
"../../../Engine/Plugins/Animation/ControlRig/Content/Controls/ControlRig_Circle_solid.uexp" 360
"../../../Engine/Plugins/Animation/ControlRig/Content/Controls/ControlRig_Circle_3mm.ubulk" 361
"../../../Engine/Plugins/Animation/ControlRig/Content/Controls/ControlRig_Circle_3mm.uasset" 362
"../../../Engine/Plugins/Animation/ControlRig/Content/Controls/ControlRig_Circle_3mm.uexp" 363
"../../../Engine/Plugins/Animation/ControlRig/Content/Controls/ControlRig_Circle_1mm.ubulk" 364
"../../../Engine/Plugins/Animation/ControlRig/Content/Controls/ControlRig_Circle_1mm.uasset" 365
"../../../Engine/Plugins/Animation/ControlRig/Content/Controls/ControlRig_Circle_1mm.uexp" 366
"../../../Engine/Plugins/Animation/ControlRig/Content/Controls/ControlRig_Box_solid.ubulk" 367
"../../../Engine/Plugins/Animation/ControlRig/Content/Controls/ControlRig_Box_solid.uasset" 368
"../../../Engine/Plugins/Animation/ControlRig/Content/Controls/ControlRig_Box_solid.uexp" 369
"../../../Engine/Plugins/Animation/ControlRig/Content/Controls/ControlRig_Box_3mm.ubulk" 370
"../../../Engine/Plugins/Animation/ControlRig/Content/Controls/ControlRig_Box_3mm.uasset" 371
"../../../Engine/Plugins/Animation/ControlRig/Content/Controls/ControlRig_Box_3mm.uexp" 372
"../../../Engine/Plugins/Animation/ControlRig/Content/Controls/ControlRig_Box_1mm.ubulk" 373
"../../../Engine/Plugins/Animation/ControlRig/Content/Controls/ControlRig_Box_1mm.uasset" 374
"../../../Engine/Plugins/Animation/ControlRig/Content/Controls/ControlRig_Box_1mm.uexp" 375
"../../../Engine/Plugins/Animation/ControlRig/Content/Controls/ControlRig_Arrow_solid.ubulk" 376
"../../../Engine/Plugins/Animation/ControlRig/Content/Controls/ControlRig_Arrow_solid.uasset" 377
"../../../Engine/Plugins/Animation/ControlRig/Content/Controls/ControlRig_Arrow_solid.uexp" 378
"../../../Engine/Plugins/Animation/ControlRig/Content/Controls/ControlRig_Arrow_3mm.ubulk" 379
"../../../Engine/Plugins/Animation/ControlRig/Content/Controls/ControlRig_Arrow_3mm.uasset" 380
"../../../Engine/Plugins/Animation/ControlRig/Content/Controls/ControlRig_Arrow_3mm.uexp" 381
"../../../Engine/Plugins/Animation/ControlRig/Content/Controls/ControlRig_Arrow_1mm.ubulk" 382
"../../../Engine/Plugins/Animation/ControlRig/Content/Controls/ControlRig_Arrow_1mm.uasset" 383
"../../../Engine/Plugins/Animation/ControlRig/Content/Controls/ControlRig_Arrow_1mm.uexp" 384
"../../../Engine/Plugins/Animation/ControlRig/Content/Controls/ControlRig_Arrow4_solid.ubulk" 385
"../../../Engine/Plugins/Animation/ControlRig/Content/Controls/ControlRig_Arrow4_solid.uasset" 386
"../../../Engine/Plugins/Animation/ControlRig/Content/Controls/ControlRig_Arrow4_solid.uexp" 387
"../../../Engine/Plugins/Animation/ControlRig/Content/Controls/ControlRig_Arrow4_3mm.ubulk" 388
"../../../Engine/Plugins/Animation/ControlRig/Content/Controls/ControlRig_Arrow4_3mm.uasset" 389
"../../../Engine/Plugins/Animation/ControlRig/Content/Controls/ControlRig_Arrow4_3mm.uexp" 390
"../../../Engine/Plugins/Animation/ControlRig/Content/Controls/ControlRig_Arrow4_1mm.ubulk" 391
"../../../Engine/Plugins/Animation/ControlRig/Content/Controls/ControlRig_Arrow4_1mm.uasset" 392
"../../../Engine/Plugins/Animation/ControlRig/Content/Controls/ControlRig_Arrow4_1mm.uexp" 393
"../../../Engine/Plugins/Animation/ControlRig/Content/Controls/ControlRig_Arrow2_solid.ubulk" 394
"../../../Engine/Plugins/Animation/ControlRig/Content/Controls/ControlRig_Arrow2_solid.uasset" 395
"../../../Engine/Plugins/Animation/ControlRig/Content/Controls/ControlRig_Arrow2_solid.uexp" 396
"../../../Engine/Plugins/Animation/ControlRig/Content/Controls/ControlRig_Arrow2_3mm.ubulk" 397
"../../../Engine/Plugins/Animation/ControlRig/Content/Controls/ControlRig_Arrow2_3mm.uasset" 398
"../../../Engine/Plugins/Animation/ControlRig/Content/Controls/ControlRig_Arrow2_3mm.uexp" 399
"../../../Engine/Plugins/Animation/ControlRig/Content/Controls/ControlRig_Arrow2_1mm.ubulk" 400
"../../../Engine/Plugins/Animation/ControlRig/Content/Controls/ControlRig_Arrow2_1mm.uasset" 401
"../../../Engine/Plugins/Animation/ControlRig/Content/Controls/ControlRig_Arrow2_1mm.uexp" 402
"../../../Engine/Plugins/Animation/ControlRig/Content/Controls/ControlRigXRayMaterial.uasset" 403
"../../../Engine/Plugins/Animation/ControlRig/Content/Controls/ControlRigXRayMaterial.uexp" 404
"../../../Engine/Plugins/Animation/ControlRig/Content/Controls/ControlRigGizmoMaterial.uasset" 405
"../../../Engine/Plugins/Animation/ControlRig/Content/Controls/ControlRigGizmoMaterial.uexp" 406
"../../../Engine/Plugins/Animation/ACLPlugin/Content/ACLAnimCurveCompressionSettings.uasset" 407
"../../../Engine/Plugins/Animation/ACLPlugin/Content/ACLAnimCurveCompressionSettings.uexp" 408
"../../../Engine/Plugins/Animation/ACLPlugin/Content/ACLAnimBoneCompressionSettings.uasset" 409
"../../../Engine/Plugins/Animation/ACLPlugin/Content/ACLAnimBoneCompressionSettings.uexp" 410
"../../../Engine/Plugins/2D/Paper2D/Content/PlaceholderTextures/DummySpriteTexture.ubulk" 411
"../../../Engine/Plugins/2D/Paper2D/Content/PlaceholderTextures/DummySpriteTexture.uasset" 412
"../../../Engine/Plugins/2D/Paper2D/Content/PlaceholderTextures/DummySpriteTexture.uexp" 413
"../../../Engine/Plugins/2D/Paper2D/Content/DefaultSpriteMaterial.uasset" 414
"../../../Engine/Plugins/2D/Paper2D/Content/DefaultSpriteMaterial.uexp" 415
"../../../Engine/Plugins/2D/Paper2D/Content/OpaqueUnlitSpriteMaterial.uasset" 416
"../../../Engine/Plugins/2D/Paper2D/Content/OpaqueUnlitSpriteMaterial.uexp" 417
"../../../Engine/Plugins/2D/Paper2D/Content/MaskedUnlitSpriteMaterial.uasset" 418
"../../../Engine/Plugins/2D/Paper2D/Content/MaskedUnlitSpriteMaterial.uexp" 419
"../../../Engine/Plugins/2D/Paper2D/Content/DummySprite.uasset" 420
"../../../Engine/Plugins/2D/Paper2D/Content/DummySprite.uexp" 421
"../../../Engine/Plugins/2D/Paper2D/Content/DefaultPaperTerrainMaterial.uasset" 422
"../../../Engine/Plugins/2D/Paper2D/Content/DefaultPaperTerrainMaterial.uexp" 423
"../../../Engine/Content/VREditor/TransformGizmo/StartRotationHandleIndicator.ubulk" 424
"../../../Engine/Content/VREditor/TransformGizmo/StartRotationHandleIndicator.uasset" 425
"../../../Engine/Content/VREditor/TransformGizmo/StartRotationHandleIndicator.uexp" 426
"../../../Engine/Content/VREditor/Sounds/UI/Drop_Item_From_ContentBrowser.ubulk" 427
"../../../Engine/Content/VREditor/Sounds/UI/Drop_Item_From_ContentBrowser.uasset" 428
"../../../Engine/Content/VREditor/Sounds/UI/Drop_Item_From_ContentBrowser.uexp" 429
"../../../Engine/Content/VREditor/TransformGizmo/PlaneTranslationHandle.ubulk" 430
"../../../Engine/Content/VREditor/TransformGizmo/PlaneTranslationHandle.uasset" 431
"../../../Engine/Content/VREditor/TransformGizmo/PlaneTranslationHandle.uexp" 432
"../../../Engine/Content/VREditor/Sounds/UI/Object_Snaps_To_Grid.ubulk" 433
"../../../Engine/Content/VREditor/Sounds/UI/Object_Snaps_To_Grid.uasset" 434
"../../../Engine/Content/VREditor/Sounds/UI/Object_Snaps_To_Grid.uexp" 435
"../../../Engine/Content/VREditor/Sounds/UI/Selection_Changes.ubulk" 436
"../../../Engine/Content/VREditor/Sounds/UI/Selection_Changes.uasset" 437
"../../../Engine/Content/VREditor/Sounds/UI/Selection_Changes.uexp" 438
"../../../Engine/Content/VREditor/Sounds/UI/Object_Snaps_To_Another_Actor.ubulk" 439
"../../../Engine/Content/VREditor/Sounds/UI/Object_Snaps_To_Another_Actor.uasset" 440
"../../../Engine/Content/VREditor/Sounds/UI/Object_Snaps_To_Another_Actor.uexp" 441
"../../../Engine/Content/VREditor/TransformGizmo/TranslucentTransformGizmoMaterial_Inst.uasset" 442
"../../../Engine/Content/VREditor/TransformGizmo/TranslucentTransformGizmoMaterial_Inst.uexp" 443
"../../../Engine/Content/VREditor/TransformGizmo/TransformGizmoFreeRotation.ubulk" 444
"../../../Engine/Content/VREditor/TransformGizmo/TransformGizmoFreeRotation.uasset" 445
"../../../Engine/Content/VREditor/TransformGizmo/TransformGizmoFreeRotation.uexp" 446
"../../../Engine/Content/VREditor/Sounds/UI/Scaling_Down.ubulk" 447
"../../../Engine/Content/VREditor/Sounds/UI/Scaling_Down.uasset" 448
"../../../Engine/Content/VREditor/Sounds/UI/Scaling_Down.uexp" 449
"../../../Engine/Content/Functions/Engine_MaterialFunctions02/Math/Transform3x3Matrix.uasset" 450
"../../../Engine/Content/Functions/Engine_MaterialFunctions02/Math/Transform3x3Matrix.uexp" 451
"../../../Engine/Content/Functions/Engine_MaterialFunctions02/SplitComponents.uasset" 452
"../../../Engine/Content/Functions/Engine_MaterialFunctions02/SplitComponents.uexp" 453
"../../../Engine/Content/Functions/Engine_MaterialFunctions02/Utility/MakeFloat3.uasset" 454
"../../../Engine/Content/Functions/Engine_MaterialFunctions02/Utility/MakeFloat3.uexp" 455
"../../../Engine/Content/VREditor/SnapGrid/SnapGridMaterial.uasset" 456
"../../../Engine/Content/VREditor/SnapGrid/SnapGridMaterial.uexp" 457
"../../../Engine/Content/VREditor/SnapGrid/SnapGridPlaneMesh.ubulk" 458
"../../../Engine/Content/VREditor/SnapGrid/SnapGridPlaneMesh.uasset" 459
"../../../Engine/Content/VREditor/SnapGrid/SnapGridPlaneMesh.uexp" 460
"../../../Engine/Content/VREditor/Sounds/UI/Scaling_Up.ubulk" 461
"../../../Engine/Content/VREditor/Sounds/UI/Scaling_Up.uasset" 462
"../../../Engine/Content/VREditor/Sounds/UI/Scaling_Up.uexp" 463
"../../../Engine/Content/VREditor/TransformGizmo/TransformGizmoMaterial_Inst.uasset" 464
"../../../Engine/Content/VREditor/TransformGizmo/TransformGizmoMaterial_Inst.uexp" 465
"../../../Engine/Content/VREditor/Sounds/UI/Gizmo_Handle_Clicked.ubulk" 466
"../../../Engine/Content/VREditor/Sounds/UI/Gizmo_Handle_Clicked.uasset" 467
"../../../Engine/Content/VREditor/Sounds/UI/Gizmo_Handle_Clicked.uexp" 468
"../../../Engine/Content/VREditor/TransformGizmo/RotationHandleQuarter.ubulk" 469
"../../../Engine/Content/VREditor/TransformGizmo/RotationHandleQuarter.uasset" 470
"../../../Engine/Content/VREditor/TransformGizmo/RotationHandleQuarter.uexp" 471
"../../../Engine/Content/VREditor/TransformGizmo/TranslateArrowHandle.ubulk" 472
"../../../Engine/Content/VREditor/TransformGizmo/TranslateArrowHandle.uasset" 473
"../../../Engine/Content/VREditor/TransformGizmo/TranslateArrowHandle.uexp" 474
"../../../Engine/Content/VREditor/TransformGizmo/RotationHandleIndicator.ubulk" 475
"../../../Engine/Content/VREditor/TransformGizmo/RotationHandleIndicator.uasset" 476
"../../../Engine/Content/VREditor/TransformGizmo/RotationHandleIndicator.uexp" 477
"../../../Engine/Content/VREditor/TransformGizmo/UniformScaleHandle.ubulk" 478
"../../../Engine/Content/VREditor/TransformGizmo/UniformScaleHandle.uasset" 479
"../../../Engine/Content/VREditor/TransformGizmo/UniformScaleHandle.uexp" 480
"../../../Engine/Content/VREditor/TransformGizmo/RotationHandleFull.ubulk" 481
"../../../Engine/Content/VREditor/TransformGizmo/RotationHandleFull.uasset" 482
"../../../Engine/Content/VREditor/TransformGizmo/RotationHandleFull.uexp" 483
"../../../Engine/Content/VREditor/Sounds/UI/Object_PickUp.ubulk" 484
"../../../Engine/Content/VREditor/Sounds/UI/Object_PickUp.uasset" 485
"../../../Engine/Content/VREditor/Sounds/UI/Object_PickUp.uexp" 486
"../../../Engine/Content/EngineSounds/Master.uasset" 487
"../../../Engine/Content/EngineSounds/Master.uexp" 488
"../../../Engine/Content/EngineResources/WhiteSquareTexture.uasset" 489
"../../../Engine/Content/EngineResources/WhiteSquareTexture.uexp" 490
"../../../Engine/Content/EngineMaterials/Widget3DPassThrough.uasset" 491
"../../../Engine/Content/EngineMaterials/Widget3DPassThrough.uexp" 492
"../../../Engine/Content/EngineMaterials/Widget3DPassThrough_Translucent.uasset" 493
"../../../Engine/Content/EngineMaterials/Widget3DPassThrough_Translucent.uexp" 494
"../../../Engine/Content/EngineMaterials/Widget3DPassThrough_Translucent_OneSided.uasset" 495
"../../../Engine/Content/EngineMaterials/Widget3DPassThrough_Translucent_OneSided.uexp" 496
"../../../Engine/Content/EngineMaterials/Widget3DPassThrough_Opaque.uasset" 497
"../../../Engine/Content/EngineMaterials/Widget3DPassThrough_Opaque.uexp" 498
"../../../Engine/Content/EngineMaterials/Widget3DPassThrough_Opaque_OneSided.uasset" 499
"../../../Engine/Content/EngineMaterials/Widget3DPassThrough_Opaque_OneSided.uexp" 500
"../../../Engine/Content/EngineMaterials/Widget3DPassThrough_Masked_OneSided.uasset" 501
"../../../Engine/Content/EngineMaterials/Widget3DPassThrough_Masked_OneSided.uexp" 502
"../../../Engine/Content/EngineMaterials/Widget3DPassThrough_Masked.uasset" 503
"../../../Engine/Content/EngineMaterials/Widget3DPassThrough_Masked.uexp" 504
"../../../Engine/Content/EngineMaterials/STBlueNoise_vec2_128x128x64.uasset" 505
"../../../Engine/Content/EngineMaterials/STBlueNoise_vec2_128x128x64.uexp" 506
"../../../Engine/Content/EngineMaterials/STBlueNoise_scalar_128x128x64.uasset" 507
"../../../Engine/Content/EngineMaterials/STBlueNoise_scalar_128x128x64.uexp" 508
"../../../Engine/Content/EngineMaterials/RemoveSurfaceMaterial.uasset" 509
"../../../Engine/Content/EngineMaterials/RemoveSurfaceMaterial.uexp" 510
"../../../Engine/Content/EngineMaterials/DefaultCalibrationGrayscale.uasset" 511
"../../../Engine/Content/EngineMaterials/DefaultCalibrationGrayscale.uexp" 512
"../../../Engine/Content/EngineMaterials/PPM_DefaultCalibrationGrayscale.uasset" 513
"../../../Engine/Content/EngineMaterials/PPM_DefaultCalibrationGrayscale.uexp" 514
"../../../Engine/Content/EngineMaterials/DefaultCalibrationColor.uasset" 515
"../../../Engine/Content/EngineMaterials/DefaultCalibrationColor.uexp" 516
"../../../Engine/Content/EngineMaterials/PPM_DefaultCalibrationColor.uasset" 517
"../../../Engine/Content/EngineMaterials/PPM_DefaultCalibrationColor.uexp" 518
"../../../Engine/Content/EngineMaterials/PhAT_JointLimitMaterial.uasset" 519
"../../../Engine/Content/EngineMaterials/PhAT_JointLimitMaterial.uexp" 520
"../../../Engine/Content/EngineMaterials/NaniteHiddenSectionMaterial.uasset" 521
"../../../Engine/Content/EngineMaterials/NaniteHiddenSectionMaterial.uexp" 522
"../../../Engine/Content/EngineMaterials/InvalidLightmapSettings.ubulk" 523
"../../../Engine/Content/EngineMaterials/InvalidLightmapSettings.uasset" 524
"../../../Engine/Content/EngineMaterials/InvalidLightmapSettings.uexp" 525
"../../../Engine/Content/EngineMaterials/M_InvalidLightmapSettings.uasset" 526
"../../../Engine/Content/EngineMaterials/M_InvalidLightmapSettings.uexp" 527
"../../../Engine/Content/EngineMaterials/GizmoMaterial.uasset" 528
"../../../Engine/Content/EngineMaterials/GizmoMaterial.uexp" 529
"../../../Engine/Content/EngineMaterials/BaseFlattenEmissiveMap_VT.uasset" 530
"../../../Engine/Content/EngineMaterials/BaseFlattenEmissiveMap_VT.uexp" 531
"../../../Engine/Content/EngineMaterials/BaseFlattenGrayscaleMap_VT.uasset" 532
"../../../Engine/Content/EngineMaterials/BaseFlattenGrayscaleMap_VT.uexp" 533
"../../../Engine/Content/EngineMaterials/BaseFlattenLinearColor_VT.uasset" 534
"../../../Engine/Content/EngineMaterials/BaseFlattenLinearColor_VT.uexp" 535
"../../../Engine/Content/EngineMaterials/Black_1x1_EXR_Texture_VT.uasset" 536
"../../../Engine/Content/EngineMaterials/Black_1x1_EXR_Texture_VT.uexp" 537
"../../../Engine/Content/EngineMaterials/BaseFlattenDiffuseMap_VT.uasset" 538
"../../../Engine/Content/EngineMaterials/BaseFlattenDiffuseMap_VT.uexp" 539
"../../../Engine/Content/EngineMaterials/BaseFlattenNormalMap_VT.uasset" 540
"../../../Engine/Content/EngineMaterials/BaseFlattenNormalMap_VT.uexp" 541
"../../../Engine/Content/EngineMaterials/FlattenMaterial_WS_Normal_VT.uasset" 542
"../../../Engine/Content/EngineMaterials/FlattenMaterial_WS_Normal_VT.uexp" 543
"../../../Engine/Content/EngineMaterials/FlattenMaterial_VT.uasset" 544
"../../../Engine/Content/EngineMaterials/FlattenMaterial_VT.uexp" 545
"../../../Engine/Content/EngineMaterials/BaseFlattenNormalMap.uasset" 546
"../../../Engine/Content/EngineMaterials/BaseFlattenNormalMap.uexp" 547
"../../../Engine/Content/EngineMaterials/BaseFlattenGrayscaleMap.uasset" 548
"../../../Engine/Content/EngineMaterials/BaseFlattenGrayscaleMap.uexp" 549
"../../../Engine/Content/EngineMaterials/BaseFlattenDiffuseMap.uasset" 550
"../../../Engine/Content/EngineMaterials/BaseFlattenDiffuseMap.uexp" 551
"../../../Engine/Content/Functions/Engine_MaterialFunctions02/PivotPainter2/Black_1x1_EXR_Texture.uasset" 552
"../../../Engine/Content/Functions/Engine_MaterialFunctions02/PivotPainter2/Black_1x1_EXR_Texture.uexp" 553
"../../../Engine/Content/EngineMaterials/BaseFlattenEmissiveMap.uasset" 554
"../../../Engine/Content/EngineMaterials/BaseFlattenEmissiveMap.uexp" 555
"../../../Engine/Content/EngineMaterials/BaseFlattenLinearColor.uasset" 556
"../../../Engine/Content/EngineMaterials/BaseFlattenLinearColor.uexp" 557
"../../../Engine/Content/EngineMaterials/FlattenMaterial.uasset" 558
"../../../Engine/Content/EngineMaterials/FlattenMaterial.uexp" 559
"../../../Engine/Content/EngineMaterials/DefaultWhiteGrid_Low.uasset" 560
"../../../Engine/Content/EngineMaterials/DefaultWhiteGrid_Low.uexp" 561
"../../../Engine/Content/EngineMaterials/EmissiveMeshMaterial.uasset" 562
"../../../Engine/Content/EngineMaterials/EmissiveMeshMaterial.uexp" 563
"../../../Engine/Content/EngineFonts/RobotoDistanceField.uasset" 564
"../../../Engine/Content/EngineFonts/RobotoDistanceField.uexp" 565
"../../../Engine/Content/EngineMaterials/DefaultTextMaterialOpaque.uasset" 566
"../../../Engine/Content/EngineMaterials/DefaultTextMaterialOpaque.uexp" 567
"../../../Engine/Content/EngineMaterials/DefaultDiffuse.ubulk" 568
"../../../Engine/Content/EngineMaterials/DefaultDiffuse.uasset" 569
"../../../Engine/Content/EngineMaterials/DefaultDiffuse.uexp" 570
"../../../Engine/Content/Functions/Engine_MaterialFunctions02/Utility/BreakOutFloat2Components.uasset" 571
"../../../Engine/Content/Functions/Engine_MaterialFunctions02/Utility/BreakOutFloat2Components.uexp" 572
"../../../Engine/Content/EngineMaterials/DefaultPostProcessMaterial.uasset" 573
"../../../Engine/Content/EngineMaterials/DefaultPostProcessMaterial.uexp" 574
"../../../Engine/Content/EngineMaterials/DefaultPhysicalMaterial.uasset" 575
"../../../Engine/Content/EngineMaterials/DefaultPhysicalMaterial.uexp" 576
"../../../Engine/Content/EngineMaterials/DefaultLightFunctionMaterial.uasset" 577
"../../../Engine/Content/EngineMaterials/DefaultLightFunctionMaterial.uexp" 578
"../../../Engine/Content/EngineMaterials/DefaultDestructiblePhysicalMaterial.uasset" 579
"../../../Engine/Content/EngineMaterials/DefaultDestructiblePhysicalMaterial.uexp" 580
"../../../Engine/Content/EngineMaterials/DefaultDeferredDecalMaterial.uasset" 581
"../../../Engine/Content/EngineMaterials/DefaultDeferredDecalMaterial.uexp" 582
"../../../Engine/Content/EngineMaterials/DefaultBloomKernel.uasset" 583
"../../../Engine/Content/EngineMaterials/DefaultBloomKernel.uexp" 584
"../../../Engine/Content/EngineFonts/Faces/RobotoLight.uexp" 585
"../../../Engine/Content/EngineFonts/Faces/RobotoLight.uasset" 586
"../../../Engine/Content/EngineFonts/Faces/RobotoLight.ufont" 587
"../../../Engine/Content/EngineFonts/Faces/RobotoBold.uexp" 588
"../../../Engine/Content/EngineFonts/Faces/RobotoBold.uasset" 589
"../../../Engine/Content/EngineFonts/Faces/RobotoBold.ufont" 590
"../../../Engine/Content/EngineFonts/Faces/RobotoRegular.uexp" 591
"../../../Engine/Content/EngineFonts/Faces/RobotoRegular.uasset" 592
"../../../Engine/Content/EngineFonts/Faces/RobotoRegular.ufont" 593
"../../../Engine/Content/EngineFonts/Faces/DroidSansFallback.uexp" 594
"../../../Engine/Content/EngineFonts/Faces/DroidSansFallback.uasset" 595
"../../../Engine/Content/EngineFonts/Faces/DroidSansFallback.ufont" 596
"../../../Engine/Content/EngineFonts/Faces/RobotoItalic.uexp" 597
"../../../Engine/Content/EngineFonts/Faces/RobotoItalic.uasset" 598
"../../../Engine/Content/EngineFonts/Faces/RobotoItalic.ufont" 599
"../../../Engine/Content/EngineFonts/Faces/RobotoBoldItalic.uexp" 600
"../../../Engine/Content/EngineFonts/Faces/RobotoBoldItalic.uasset" 601
"../../../Engine/Content/EngineFonts/Faces/RobotoBoldItalic.ufont" 602
"../../../Engine/Content/EngineFonts/Roboto.uasset" 603
"../../../Engine/Content/EngineFonts/Roboto.uexp" 604
"../../../Engine/Content/EngineDebugMaterials/VolumeToRender.uasset" 605
"../../../Engine/Content/EngineDebugMaterials/VolumeToRender.uexp" 606
"../../../Engine/Content/EngineDebugMaterials/M_VolumeRenderSphereTracePP.uasset" 607
"../../../Engine/Content/EngineDebugMaterials/M_VolumeRenderSphereTracePP.uexp" 608
"../../../Engine/Content/EngineDebugMaterials/M_SimpleUnlitTranslucent.uasset" 609
"../../../Engine/Content/EngineDebugMaterials/M_SimpleUnlitTranslucent.uexp" 610
"../../../Engine/Content/EngineDebugMaterials/DebugMeshMaterial.uasset" 611
"../../../Engine/Content/EngineDebugMaterials/DebugMeshMaterial.uexp" 612
"../../../Engine/Content/EngineDebugMaterials/DebugEditorMaterial.uasset" 613
"../../../Engine/Content/EngineDebugMaterials/DebugEditorMaterial.uexp" 614
"../../../Engine/Content/EngineDamageTypes/DmgTypeBP_Environmental.uasset" 615
"../../../Engine/Content/EngineDamageTypes/DmgTypeBP_Environmental.uexp" 616
"../../../Engine/Content/EditorResources/S_Terrain.ubulk" 617
"../../../Engine/Content/EditorResources/S_Terrain.uasset" 618
"../../../Engine/Content/EditorResources/S_Terrain.uexp" 619
"../../../Engine/Content/EditorResources/EmptyActor.uasset" 620
"../../../Engine/Content/EditorResources/EmptyActor.uexp" 621
"../../../Engine/Content/EditorResources/BSPVertex.uasset" 622
"../../../Engine/Content/EditorResources/BSPVertex.uexp" 623
"../../../Engine/Content/EditorMaterials/PreviewShadowIndicator.ubulk" 624
"../../../Engine/Content/EditorMaterials/PreviewShadowIndicator.uasset" 625
"../../../Engine/Content/EditorMaterials/PreviewShadowIndicator.uexp" 626
"../../../Engine/Content/EditorMaterials/PreviewShadowIndicatorMaterial.uasset" 627
"../../../Engine/Content/EditorMaterials/PreviewShadowIndicatorMaterial.uexp" 628
"../../../Engine/Content/EditorMaterials/PhAT_UnselectedMaterial.uasset" 629
"../../../Engine/Content/EditorMaterials/PhAT_UnselectedMaterial.uexp" 630
"../../../Engine/Content/EditorMaterials/PhAT_NoCollisionMaterial.uasset" 631
"../../../Engine/Content/EditorMaterials/PhAT_NoCollisionMaterial.uexp" 632
"../../../Engine/Content/EditorLandscapeResources/DefaultAlphaTexture.uasset" 633
"../../../Engine/Content/EditorLandscapeResources/DefaultAlphaTexture.uexp" 634
"../../../Engine/Content/EditorLandscapeResources/DataLayer.uasset" 635
"../../../Engine/Content/EditorLandscapeResources/DataLayer.uexp" 636
"../../../Engine/Content/EngineMaterials/DefaultMaterial.uasset" 637
"../../../Engine/Content/EngineMaterials/DefaultMaterial.uexp" 638
"../../../Engine/Content/BasicShapes/Sphere.ubulk" 639
"../../../Engine/Content/BasicShapes/Sphere.uasset" 640
"../../../Engine/Content/BasicShapes/Sphere.uexp" 641
"../../../Engine/Content/BasicShapes/Cylinder.ubulk" 642
"../../../Engine/Content/BasicShapes/Cylinder.uasset" 643
"../../../Engine/Content/BasicShapes/Cylinder.uexp" 644
"../../../Engine/Content/BasicShapes/Cone.ubulk" 645
"../../../Engine/Content/BasicShapes/Cone.uasset" 646
"../../../Engine/Content/BasicShapes/Cone.uexp" 647
"../../../Engine/Content/MobileResources/HUD/VirtualJoystick_Background.uasset" 648
"../../../Engine/Content/MobileResources/HUD/VirtualJoystick_Background.uexp" 649
"../../../Engine/Content/MobileResources/HUD/VirtualJoystick_Thumb.uasset" 650
"../../../Engine/Content/MobileResources/HUD/VirtualJoystick_Thumb.uexp" 651
"C:/Users/Kostya/Documents/Unreal Projects/Painter/Content/FirstPerson/Input/MobileControls.uasset" 652
"C:/Users/Kostya/Documents/Unreal Projects/Painter/Content/FirstPerson/Input/MobileControls.uexp" 653
"../../../Engine/Plugins/Interchange/Runtime/Content/gltf/MaterialFunctions/MF_RotateV2.uasset" 654
"../../../Engine/Plugins/Interchange/Runtime/Content/gltf/MaterialFunctions/MF_RotateV2.uexp" 655
"../../../Engine/Plugins/Interchange/Runtime/Content/gltf/MaterialFunctions/MF_TransformUVs.uasset" 656
"../../../Engine/Plugins/Interchange/Runtime/Content/gltf/MaterialFunctions/MF_TransformUVs.uexp" 657
"../../../Engine/Plugins/Interchange/Runtime/Content/gltf/Textures/T_White_srgb.uasset" 658
"../../../Engine/Plugins/Interchange/Runtime/Content/gltf/Textures/T_White_srgb.uexp" 659
"../../../Engine/Plugins/Interchange/Runtime/Content/gltf/MaterialFunctions/MF_BaseColor.uasset" 660
"../../../Engine/Plugins/Interchange/Runtime/Content/gltf/MaterialFunctions/MF_BaseColor.uexp" 661
"../../../Engine/Plugins/Interchange/Runtime/Content/gltf/MaterialBodies/MF_Unlit_Body.uasset" 662
"../../../Engine/Plugins/Interchange/Runtime/Content/gltf/MaterialBodies/MF_Unlit_Body.uexp" 663
"../../../Engine/Plugins/Interchange/Runtime/Content/gltf/M_Unlit.uasset" 664
"../../../Engine/Plugins/Interchange/Runtime/Content/gltf/M_Unlit.uexp" 665
"../../../Engine/Plugins/Interchange/Runtime/Content/gltf/MaterialInstances/MI_Unlit_Opaque_DS.uasset" 666
"../../../Engine/Plugins/Interchange/Runtime/Content/gltf/MaterialInstances/MI_Unlit_Opaque_DS.uexp" 667
"../../../Engine/Plugins/Interchange/Runtime/Content/gltf/MaterialInstances/MI_Unlit_Opaque.uasset" 668
"../../../Engine/Plugins/Interchange/Runtime/Content/gltf/MaterialInstances/MI_Unlit_Opaque.uexp" 669
"../../../Engine/Plugins/Interchange/Runtime/Content/gltf/MaterialInstances/MI_Unlit_Mask_DS.uasset" 670
"../../../Engine/Plugins/Interchange/Runtime/Content/gltf/MaterialInstances/MI_Unlit_Mask_DS.uexp" 671
"../../../Engine/Plugins/Interchange/Runtime/Content/gltf/MaterialInstances/MI_Unlit_Mask.uasset" 672
"../../../Engine/Plugins/Interchange/Runtime/Content/gltf/MaterialInstances/MI_Unlit_Mask.uexp" 673
"../../../Engine/Plugins/Interchange/Runtime/Content/gltf/MaterialInstances/MI_Unlit_Blend_DS.uasset" 674
"../../../Engine/Plugins/Interchange/Runtime/Content/gltf/MaterialInstances/MI_Unlit_Blend_DS.uexp" 675
"../../../Engine/Plugins/Interchange/Runtime/Content/gltf/MaterialInstances/MI_Unlit_Blend.uasset" 676
"../../../Engine/Plugins/Interchange/Runtime/Content/gltf/MaterialInstances/MI_Unlit_Blend.uexp" 677
"../../../Engine/Plugins/Interchange/Runtime/Content/gltf/MaterialFunctions/MF_Iridescence.uasset" 678
"../../../Engine/Plugins/Interchange/Runtime/Content/gltf/MaterialFunctions/MF_Iridescence.uexp" 679
"../../../Engine/Plugins/Interchange/Runtime/Content/gltf/Textures/T_White_Linear.uasset" 680
"../../../Engine/Plugins/Interchange/Runtime/Content/gltf/Textures/T_White_Linear.uexp" 681
"../../../Engine/Plugins/Interchange/Runtime/Content/gltf/MaterialFunctions/MF_MetallicRoughness.uasset" 682
"../../../Engine/Plugins/Interchange/Runtime/Content/gltf/MaterialFunctions/MF_MetallicRoughness.uexp" 683
"../../../Engine/Plugins/Interchange/Runtime/Content/gltf/MaterialFunctions/MF_Transmission.uasset" 684
"../../../Engine/Plugins/Interchange/Runtime/Content/gltf/MaterialFunctions/MF_Transmission.uexp" 685
"../../../Engine/Plugins/Interchange/Runtime/Content/gltf/MaterialFunctions/MF_Occlusion.uasset" 686
"../../../Engine/Plugins/Interchange/Runtime/Content/gltf/MaterialFunctions/MF_Occlusion.uexp" 687
"../../../Engine/Plugins/Interchange/Runtime/Content/gltf/MaterialFunctions/MF_Specular.uasset" 688
"../../../Engine/Plugins/Interchange/Runtime/Content/gltf/MaterialFunctions/MF_Specular.uexp" 689
"../../../Engine/Plugins/Interchange/Runtime/Content/gltf/MaterialFunctions/MF_IOR.uasset" 690
"../../../Engine/Plugins/Interchange/Runtime/Content/gltf/MaterialFunctions/MF_IOR.uexp" 691
"../../../Engine/Plugins/Interchange/Runtime/Content/gltf/MaterialFunctions/MF_RotateNormals_TS.uasset" 692
"../../../Engine/Plugins/Interchange/Runtime/Content/gltf/MaterialFunctions/MF_RotateNormals_TS.uexp" 693
"../../../Engine/Plugins/Interchange/Runtime/Content/gltf/Textures/T_Generic_N.uasset" 694
"../../../Engine/Plugins/Interchange/Runtime/Content/gltf/Textures/T_Generic_N.uexp" 695
"../../../Engine/Plugins/Interchange/Runtime/Content/gltf/MaterialFunctions/MF_Normals.uasset" 696
"../../../Engine/Plugins/Interchange/Runtime/Content/gltf/MaterialFunctions/MF_Normals.uexp" 697
"../../../Engine/Plugins/Interchange/Runtime/Content/gltf/MaterialBodies/MF_Transmission_Body.uasset" 698
"../../../Engine/Plugins/Interchange/Runtime/Content/gltf/MaterialBodies/MF_Transmission_Body.uexp" 699
"../../../Engine/Plugins/Interchange/Runtime/Content/gltf/M_Transmission.uasset" 700
"../../../Engine/Plugins/Interchange/Runtime/Content/gltf/M_Transmission.uexp" 701
"../../../Engine/Plugins/Interchange/Runtime/Content/gltf/MaterialInstances/MI_Transmission_DS.uasset" 702
"../../../Engine/Plugins/Interchange/Runtime/Content/gltf/MaterialInstances/MI_Transmission_DS.uexp" 703
"../../../Engine/Plugins/Interchange/Runtime/Content/gltf/MaterialInstances/MI_Transmission.uasset" 704
"../../../Engine/Plugins/Interchange/Runtime/Content/gltf/MaterialInstances/MI_Transmission.uexp" 705
"../../../Engine/Plugins/Interchange/Runtime/Content/gltf/MaterialFunctions/MF_DiffuseSpecGloss.uasset" 706
"../../../Engine/Plugins/Interchange/Runtime/Content/gltf/MaterialFunctions/MF_DiffuseSpecGloss.uexp" 707
"../../../Engine/Content/Functions/Engine_MaterialFunctions02/Math/AddComponents.uasset" 708
"../../../Engine/Content/Functions/Engine_MaterialFunctions02/Math/AddComponents.uexp" 709
"../../../Engine/Plugins/Interchange/Runtime/Content/gltf/MaterialFunctions/MF_PerceivedBrightness.uasset" 710
"../../../Engine/Plugins/Interchange/Runtime/Content/gltf/MaterialFunctions/MF_PerceivedBrightness.uexp" 711
"../../../Engine/Plugins/Interchange/Runtime/Content/gltf/MaterialFunctions/MF_Emissive.uasset" 712
"../../../Engine/Plugins/Interchange/Runtime/Content/gltf/MaterialFunctions/MF_Emissive.uexp" 713
"../../../Engine/Plugins/Interchange/Runtime/Content/gltf/MaterialFunctions/MF_SpecGlossToMetalRoughness.uasset" 714
"../../../Engine/Plugins/Interchange/Runtime/Content/gltf/MaterialFunctions/MF_SpecGlossToMetalRoughness.uexp" 715
"../../../Engine/Plugins/Interchange/Runtime/Content/gltf/MaterialBodies/MF_SpecularGlossiness_Body.uasset" 716
"../../../Engine/Plugins/Interchange/Runtime/Content/gltf/MaterialBodies/MF_SpecularGlossiness_Body.uexp" 717
"../../../Engine/Plugins/Interchange/Runtime/Content/gltf/M_SpecularGlossiness.uasset" 718
"../../../Engine/Plugins/Interchange/Runtime/Content/gltf/M_SpecularGlossiness.uexp" 719
"../../../Engine/Plugins/Interchange/Runtime/Content/gltf/MaterialInstances/MI_SpecularGlossiness_Opaque_DS.uasset" 720
"../../../Engine/Plugins/Interchange/Runtime/Content/gltf/MaterialInstances/MI_SpecularGlossiness_Opaque_DS.uexp" 721
"../../../Engine/Plugins/Interchange/Runtime/Content/gltf/MaterialInstances/MI_SpecularGlossiness_Opaque.uasset" 722
"../../../Engine/Plugins/Interchange/Runtime/Content/gltf/MaterialInstances/MI_SpecularGlossiness_Opaque.uexp" 723
"../../../Engine/Plugins/Interchange/Runtime/Content/gltf/MaterialInstances/MI_SpecularGlossiness_Mask_DS.uasset" 724
"../../../Engine/Plugins/Interchange/Runtime/Content/gltf/MaterialInstances/MI_SpecularGlossiness_Mask_DS.uexp" 725
"../../../Engine/Plugins/Interchange/Runtime/Content/gltf/MaterialInstances/MI_SpecularGlossiness_Mask.uasset" 726
"../../../Engine/Plugins/Interchange/Runtime/Content/gltf/MaterialInstances/MI_SpecularGlossiness_Mask.uexp" 727
"../../../Engine/Plugins/Interchange/Runtime/Content/gltf/MaterialInstances/MI_SpecularGlossiness_Blend_DS.uasset" 728
"../../../Engine/Plugins/Interchange/Runtime/Content/gltf/MaterialInstances/MI_SpecularGlossiness_Blend_DS.uexp" 729
"../../../Engine/Plugins/Interchange/Runtime/Content/gltf/MaterialInstances/MI_SpecularGlossiness_Blend.uasset" 730
"../../../Engine/Plugins/Interchange/Runtime/Content/gltf/MaterialInstances/MI_SpecularGlossiness_Blend.uexp" 731
"../../../Engine/Plugins/Interchange/Runtime/Content/gltf/MaterialFunctions/MF_Sheen.uasset" 732
"../../../Engine/Plugins/Interchange/Runtime/Content/gltf/MaterialFunctions/MF_Sheen.uexp" 733
"../../../Engine/Plugins/Interchange/Runtime/Content/gltf/MaterialBodies/MF_Sheen_Body.uasset" 734
"../../../Engine/Plugins/Interchange/Runtime/Content/gltf/MaterialBodies/MF_Sheen_Body.uexp" 735
"../../../Engine/Plugins/Interchange/Runtime/Content/gltf/M_Sheen.uasset" 736
"../../../Engine/Plugins/Interchange/Runtime/Content/gltf/M_Sheen.uexp" 737
"../../../Engine/Plugins/Interchange/Runtime/Content/gltf/MaterialInstances/MI_Sheen_Opaque_DS.uasset" 738
"../../../Engine/Plugins/Interchange/Runtime/Content/gltf/MaterialInstances/MI_Sheen_Opaque_DS.uexp" 739
"../../../Engine/Plugins/Interchange/Runtime/Content/gltf/MaterialInstances/MI_Sheen_Opaque.uasset" 740
"../../../Engine/Plugins/Interchange/Runtime/Content/gltf/MaterialInstances/MI_Sheen_Opaque.uexp" 741
"../../../Engine/Plugins/Interchange/Runtime/Content/gltf/MaterialInstances/MI_Sheen_Mask_DS.uasset" 742
"../../../Engine/Plugins/Interchange/Runtime/Content/gltf/MaterialInstances/MI_Sheen_Mask_DS.uexp" 743
"../../../Engine/Plugins/Interchange/Runtime/Content/gltf/MaterialInstances/MI_Sheen_Mask.uasset" 744
"../../../Engine/Plugins/Interchange/Runtime/Content/gltf/MaterialInstances/MI_Sheen_Mask.uexp" 745
"../../../Engine/Plugins/Interchange/Runtime/Content/gltf/MaterialInstances/MI_Sheen_Blend_DS.uasset" 746
"../../../Engine/Plugins/Interchange/Runtime/Content/gltf/MaterialInstances/MI_Sheen_Blend_DS.uexp" 747
"../../../Engine/Plugins/Interchange/Runtime/Content/gltf/MaterialInstances/MI_Sheen_Blend.uasset" 748
"../../../Engine/Plugins/Interchange/Runtime/Content/gltf/MaterialInstances/MI_Sheen_Blend.uexp" 749
"../../../Engine/Plugins/Interchange/Runtime/Content/gltf/MaterialBodies/MF_Default_Body.uasset" 750
"../../../Engine/Plugins/Interchange/Runtime/Content/gltf/MaterialBodies/MF_Default_Body.uexp" 751
"../../../Engine/Plugins/Interchange/Runtime/Content/gltf/M_Default.uasset" 752
"../../../Engine/Plugins/Interchange/Runtime/Content/gltf/M_Default.uexp" 753
"../../../Engine/Plugins/Interchange/Runtime/Content/gltf/MaterialInstances/MI_Default_Opaque_DS.uasset" 754
"../../../Engine/Plugins/Interchange/Runtime/Content/gltf/MaterialInstances/MI_Default_Opaque_DS.uexp" 755
"../../../Engine/Plugins/Interchange/Runtime/Content/gltf/MaterialInstances/MI_Default_Opaque.uasset" 756
"../../../Engine/Plugins/Interchange/Runtime/Content/gltf/MaterialInstances/MI_Default_Opaque.uexp" 757
"../../../Engine/Plugins/Interchange/Runtime/Content/gltf/MaterialInstances/MI_Default_Mask_DS.uasset" 758
"../../../Engine/Plugins/Interchange/Runtime/Content/gltf/MaterialInstances/MI_Default_Mask_DS.uexp" 759
"../../../Engine/Plugins/Interchange/Runtime/Content/gltf/MaterialInstances/MI_Default_Mask.uasset" 760
"../../../Engine/Plugins/Interchange/Runtime/Content/gltf/MaterialInstances/MI_Default_Mask.uexp" 761
"../../../Engine/Plugins/Interchange/Runtime/Content/gltf/MaterialInstances/MI_Default_Blend_DS.uasset" 762
"../../../Engine/Plugins/Interchange/Runtime/Content/gltf/MaterialInstances/MI_Default_Blend_DS.uexp" 763
"../../../Engine/Plugins/Interchange/Runtime/Content/gltf/MaterialInstances/MI_Default_Blend.uasset" 764
"../../../Engine/Plugins/Interchange/Runtime/Content/gltf/MaterialInstances/MI_Default_Blend.uexp" 765
"../../../Engine/Content/Functions/Engine_MaterialFunctions01/Texturing/FlattenNormal.uasset" 766
"../../../Engine/Content/Functions/Engine_MaterialFunctions01/Texturing/FlattenNormal.uexp" 767
"../../../Engine/Plugins/Interchange/Runtime/Content/gltf/MaterialFunctions/MF_Clearcoat.uasset" 768
"../../../Engine/Plugins/Interchange/Runtime/Content/gltf/MaterialFunctions/MF_Clearcoat.uexp" 769
"../../../Engine/Plugins/Interchange/Runtime/Content/gltf/MaterialBodies/MF_ClearCoat_Body.uasset" 770
"../../../Engine/Plugins/Interchange/Runtime/Content/gltf/MaterialBodies/MF_ClearCoat_Body.uexp" 771
"../../../Engine/Plugins/Interchange/Runtime/Content/gltf/M_ClearCoat.uasset" 772
"../../../Engine/Plugins/Interchange/Runtime/Content/gltf/M_ClearCoat.uexp" 773
"../../../Engine/Plugins/Interchange/Runtime/Content/gltf/MaterialInstances/MI_ClearCoat_Opaque_DS.uasset" 774
"../../../Engine/Plugins/Interchange/Runtime/Content/gltf/MaterialInstances/MI_ClearCoat_Opaque_DS.uexp" 775
"../../../Engine/Plugins/Interchange/Runtime/Content/gltf/MaterialInstances/MI_ClearCoat_Opaque.uasset" 776
"../../../Engine/Plugins/Interchange/Runtime/Content/gltf/MaterialInstances/MI_ClearCoat_Opaque.uexp" 777
"../../../Engine/Plugins/Interchange/Runtime/Content/gltf/MaterialInstances/MI_ClearCoat_Mask_DS.uasset" 778
"../../../Engine/Plugins/Interchange/Runtime/Content/gltf/MaterialInstances/MI_ClearCoat_Mask_DS.uexp" 779
"../../../Engine/Plugins/Interchange/Runtime/Content/gltf/MaterialInstances/MI_ClearCoat_Mask.uasset" 780
"../../../Engine/Plugins/Interchange/Runtime/Content/gltf/MaterialInstances/MI_ClearCoat_Mask.uexp" 781
"../../../Engine/Plugins/Interchange/Runtime/Content/gltf/MaterialInstances/MI_ClearCoat_Blend_DS.uasset" 782
"../../../Engine/Plugins/Interchange/Runtime/Content/gltf/MaterialInstances/MI_ClearCoat_Blend_DS.uexp" 783
"../../../Engine/Plugins/Interchange/Runtime/Content/gltf/MaterialInstances/MI_ClearCoat_Blend.uasset" 784
"../../../Engine/Plugins/Interchange/Runtime/Content/gltf/MaterialInstances/MI_ClearCoat_Blend.uexp" 785
"../../../Engine/Content/EngineSky/VolumetricClouds/CloudWeatherTexture.uasset" 786
"../../../Engine/Content/EngineSky/VolumetricClouds/CloudWeatherTexture.uexp" 787
"../../../Engine/Content/Functions/Engine_MaterialFunctions02/Utility/MakeFloat2.uasset" 788
"../../../Engine/Content/Functions/Engine_MaterialFunctions02/Utility/MakeFloat2.uexp" 789
"../../../Engine/Content/EngineSky/VolumetricClouds/CloudGradientTexture.uasset" 790
"../../../Engine/Content/EngineSky/VolumetricClouds/CloudGradientTexture.uexp" 791
"../../../Engine/Content/EngineSky/VolumetricClouds/T_NoiseShape64.ubulk" 792
"../../../Engine/Content/EngineSky/VolumetricClouds/T_NoiseShape64.uasset" 793
"../../../Engine/Content/EngineSky/VolumetricClouds/T_NoiseShape64.uexp" 794
"../../../Engine/Content/EngineSky/VolumetricClouds/T_VolumeNoiseShape64.uasset" 795
"../../../Engine/Content/EngineSky/VolumetricClouds/T_VolumeNoiseShape64.uexp" 796
"../../../Engine/Content/EngineSky/VolumetricClouds/T_NoiseErosion.ubulk" 797
"../../../Engine/Content/EngineSky/VolumetricClouds/T_NoiseErosion.uasset" 798
"../../../Engine/Content/EngineSky/VolumetricClouds/T_NoiseErosion.uexp" 799
"../../../Engine/Content/EngineSky/VolumetricClouds/T_VolumeNoiseErosion32.uasset" 800
"../../../Engine/Content/EngineSky/VolumetricClouds/T_VolumeNoiseErosion32.uexp" 801
"../../../Engine/Content/EngineSky/VolumetricClouds/m_SimpleVolumetricCloud.uasset" 802
"../../../Engine/Content/EngineSky/VolumetricClouds/m_SimpleVolumetricCloud.uexp" 803
"../../../Engine/Content/EngineSky/VolumetricClouds/m_SimpleVolumetricCloud_Inst.uasset" 804
"../../../Engine/Content/EngineSky/VolumetricClouds/m_SimpleVolumetricCloud_Inst.uexp" 805
"../../../Engine/Content/EngineResources/FilmGrains/Marcie_Grain_v3_128_M2_000.uasset" 806
"../../../Engine/Content/EngineResources/FilmGrains/Marcie_Grain_v3_128_M2_000.uexp" 807
"../../../Engine/Content/EditorResources/SequenceRecorder/RecordingIndicator.uasset" 808
"../../../Engine/Content/EditorResources/SequenceRecorder/RecordingIndicator.uexp" 809
"../../../Engine/Content/EditorResources/SequenceRecorder/Countdown.uasset" 810
"../../../Engine/Content/EditorResources/SequenceRecorder/Countdown.uexp" 811
"../../../Engine/Content/EditorMaterials/Dataflow/DataflowVertexMaterial.uasset" 812
"../../../Engine/Content/EditorMaterials/Dataflow/DataflowVertexMaterial.uexp" 813
"../../../Engine/Content/EngineMaterials/Substrate/Volume/SubstrateSimpleVolumeLUT3D.uasset" 814
"../../../Engine/Content/EngineMaterials/Substrate/Volume/SubstrateSimpleVolumeLUT3D.uexp" 815
"../../../Engine/Content/EngineMaterials/Substrate/Volume/SubstrateSimpleVolumeEnvLUT3D.uasset" 816
"../../../Engine/Content/EngineMaterials/Substrate/Volume/SubstrateSimpleVolumeEnvLUT3D.uexp" 817
"../../../Engine/Content/EngineMaterials/Substrate/GLints2/AGlintTex2dArray2.uasset" 818
"../../../Engine/Content/EngineMaterials/Substrate/GLints2/AGlintTex2dArray2.uexp" 819
"../../../Engine/Content/EngineMaterials/Substrate/GLints/AGlintTex2dArray.uasset" 820
"../../../Engine/Content/EngineMaterials/Substrate/GLints/AGlintTex2dArray.uexp" 821
"../../../Engine/Content/MobileResources/HUD/AnalogHat.uasset" 822
"../../../Engine/Content/MobileResources/HUD/AnalogHat.uexp" 823
"C:/Users/Kostya/Documents/Unreal Projects/Painter/Content/Painter/UI/WBP_HUD.uasset" 824
"C:/Users/Kostya/Documents/Unreal Projects/Painter/Content/Painter/UI/WBP_HUD.uexp" 825
"C:/Users/Kostya/Documents/Unreal Projects/Painter/Content/Painter/Blueprint/Core/BP_HUD.uasset" 826
"C:/Users/Kostya/Documents/Unreal Projects/Painter/Content/Painter/Blueprint/Core/BP_HUD.uexp" 827
"C:/Users/Kostya/Documents/Unreal Projects/Painter/Content/FirstPerson/Input/Actions/IA_Save.uasset" 828
"C:/Users/Kostya/Documents/Unreal Projects/Painter/Content/FirstPerson/Input/Actions/IA_Save.uexp" 829
"C:/Users/Kostya/Documents/Unreal Projects/Painter/Content/FirstPerson/Input/Actions/IA_Paint.uasset" 830
"C:/Users/Kostya/Documents/Unreal Projects/Painter/Content/FirstPerson/Input/Actions/IA_Paint.uexp" 831
"C:/Users/Kostya/Documents/Unreal Projects/Painter/Content/FirstPerson/Input/Actions/IA_SwitchMode.uasset" 832
"C:/Users/Kostya/Documents/Unreal Projects/Painter/Content/FirstPerson/Input/Actions/IA_SwitchMode.uexp" 833
"C:/Users/Kostya/Documents/Unreal Projects/Painter/Content/FirstPerson/Input/Actions/IA_Look.uasset" 834
"C:/Users/Kostya/Documents/Unreal Projects/Painter/Content/FirstPerson/Input/Actions/IA_Look.uexp" 835
"C:/Users/Kostya/Documents/Unreal Projects/Painter/Content/FirstPerson/Input/Actions/IA_Move.uasset" 836
"C:/Users/Kostya/Documents/Unreal Projects/Painter/Content/FirstPerson/Input/Actions/IA_Move.uexp" 837
"C:/Users/Kostya/Documents/Unreal Projects/Painter/Content/FirstPerson/Input/Actions/IA_Jump.uasset" 838
"C:/Users/Kostya/Documents/Unreal Projects/Painter/Content/FirstPerson/Input/Actions/IA_Jump.uexp" 839
"C:/Users/Kostya/Documents/Unreal Projects/Painter/Content/FirstPerson/Input/IMC_Default.uasset" 840
"C:/Users/Kostya/Documents/Unreal Projects/Painter/Content/FirstPerson/Input/IMC_Default.uexp" 841
"C:/Users/Kostya/Documents/Unreal Projects/Painter/Content/FirstPerson/Blueprints/BP_FirstPersonPlayerController.uasset" 842
"C:/Users/Kostya/Documents/Unreal Projects/Painter/Content/FirstPerson/Blueprints/BP_FirstPersonPlayerController.uexp" 843
"C:/Users/Kostya/Documents/Unreal Projects/Painter/Content/FirstPersonArms/Character/Textures/Manny/T_Manny_02_N.ubulk" 844
"C:/Users/Kostya/Documents/Unreal Projects/Painter/Content/FirstPersonArms/Character/Textures/Manny/T_Manny_02_N.uasset" 845
"C:/Users/Kostya/Documents/Unreal Projects/Painter/Content/FirstPersonArms/Character/Textures/Manny/T_Manny_02_N.uexp" 846
"C:/Users/Kostya/Documents/Unreal Projects/Painter/Content/FirstPersonArms/Character/Textures/Manny/T_Manny_02_BN.ubulk" 847
"C:/Users/Kostya/Documents/Unreal Projects/Painter/Content/FirstPersonArms/Character/Textures/Manny/T_Manny_02_BN.uasset" 848
"C:/Users/Kostya/Documents/Unreal Projects/Painter/Content/FirstPersonArms/Character/Textures/Manny/T_Manny_02_BN.uexp" 849
"C:/Users/Kostya/Documents/Unreal Projects/Painter/Content/FirstPersonArms/Character/Textures/Manny/T_Manny_02_ASAOPMASK_MSK.ubulk" 850
"C:/Users/Kostya/Documents/Unreal Projects/Painter/Content/FirstPersonArms/Character/Textures/Manny/T_Manny_02_ASAOPMASK_MSK.uasset" 851
"C:/Users/Kostya/Documents/Unreal Projects/Painter/Content/FirstPersonArms/Character/Textures/Manny/T_Manny_02_ASAOPMASK_MSK.uexp" 852
"C:/Users/Kostya/Documents/Unreal Projects/Painter/Content/FirstPersonArms/Character/Textures/Manny/T_Manny_01_ASAOPMASK_MSK.ubulk" 853
"C:/Users/Kostya/Documents/Unreal Projects/Painter/Content/FirstPersonArms/Character/Textures/Manny/T_Manny_01_ASAOPMASK_MSK.uasset" 854
"C:/Users/Kostya/Documents/Unreal Projects/Painter/Content/FirstPersonArms/Character/Textures/Manny/T_Manny_01_ASAOPMASK_MSK.uexp" 855
"C:/Users/Kostya/Documents/Unreal Projects/Painter/Content/FirstPersonArms/Character/Textures/Manny/T_Manny_01_CCRCCPlastic_MSK.ubulk" 856
"C:/Users/Kostya/Documents/Unreal Projects/Painter/Content/FirstPersonArms/Character/Textures/Manny/T_Manny_01_CCRCCPlastic_MSK.uasset" 857
"C:/Users/Kostya/Documents/Unreal Projects/Painter/Content/FirstPersonArms/Character/Textures/Manny/T_Manny_01_CCRCCPlastic_MSK.uexp" 858
"C:/Users/Kostya/Documents/Unreal Projects/Painter/Content/FirstPersonArms/Character/Textures/Manny/T_Manny_01_Tan.ubulk" 859
"C:/Users/Kostya/Documents/Unreal Projects/Painter/Content/FirstPersonArms/Character/Textures/Manny/T_Manny_01_Tan.uasset" 860
"C:/Users/Kostya/Documents/Unreal Projects/Painter/Content/FirstPersonArms/Character/Textures/Manny/T_Manny_01_Tan.uexp" 861
"C:/Users/Kostya/Documents/Unreal Projects/Painter/Content/FirstPersonArms/Character/Textures/Manny/T_Manny_01_BN.ubulk" 862
"C:/Users/Kostya/Documents/Unreal Projects/Painter/Content/FirstPersonArms/Character/Textures/Manny/T_Manny_01_BN.uasset" 863
"C:/Users/Kostya/Documents/Unreal Projects/Painter/Content/FirstPersonArms/Character/Textures/Manny/T_Manny_01_BN.uexp" 864
"C:/Users/Kostya/Documents/Unreal Projects/Painter/Content/FirstPersonArms/Character/Textures/Manny/T_Manny_01_MSR_MSK.ubulk" 865
"C:/Users/Kostya/Documents/Unreal Projects/Painter/Content/FirstPersonArms/Character/Textures/Manny/T_Manny_01_MSR_MSK.uasset" 866
"C:/Users/Kostya/Documents/Unreal Projects/Painter/Content/FirstPersonArms/Character/Textures/Manny/T_Manny_01_MSR_MSK.uexp" 867
"C:/Users/Kostya/Documents/Unreal Projects/Painter/Content/FirstPersonArms/Character/Textures/Manny/T_Manny_01_N.ubulk" 868
"C:/Users/Kostya/Documents/Unreal Projects/Painter/Content/FirstPersonArms/Character/Textures/Manny/T_Manny_01_N.uasset" 869
"C:/Users/Kostya/Documents/Unreal Projects/Painter/Content/FirstPersonArms/Character/Textures/Manny/T_Manny_01_N.uexp" 870
"C:/Users/Kostya/Documents/Unreal Projects/Painter/Content/FirstPersonArms/Character/Textures/Manny/T_Manny_01_D.ubulk" 871
"C:/Users/Kostya/Documents/Unreal Projects/Painter/Content/FirstPersonArms/Character/Textures/Manny/T_Manny_01_D.uasset" 872
"C:/Users/Kostya/Documents/Unreal Projects/Painter/Content/FirstPersonArms/Character/Textures/Manny/T_Manny_01_D.uexp" 873
"C:/Users/Kostya/Documents/Unreal Projects/Painter/Content/FirstPersonArms/Character/Materials/Functions/ChromaticCurve.uasset" 874
"C:/Users/Kostya/Documents/Unreal Projects/Painter/Content/FirstPersonArms/Character/Materials/Functions/ChromaticCurve.uexp" 875
"C:/Users/Kostya/Documents/Unreal Projects/Painter/Content/FirstPersonArms/Character/Materials/Functions/CA_Mannequin.uasset" 876
"C:/Users/Kostya/Documents/Unreal Projects/Painter/Content/FirstPersonArms/Character/Materials/Functions/CA_Mannequin.uexp" 877
"C:/Users/Kostya/Documents/Unreal Projects/Painter/Content/FirstPersonArms/Character/Materials/Functions/MF_Diffraction.uasset" 878
"C:/Users/Kostya/Documents/Unreal Projects/Painter/Content/FirstPersonArms/Character/Materials/Functions/MF_Diffraction.uexp" 879
"../../../Engine/Content/Functions/Engine_MaterialFunctions01/Texturing/ScaleUVsByCenter.uasset" 880
"../../../Engine/Content/Functions/Engine_MaterialFunctions01/Texturing/ScaleUVsByCenter.uexp" 881
"C:/Users/Kostya/Documents/Unreal Projects/Painter/Content/FirstPersonArms/Character/Textures/Shared/T_UE_Logo_M.uasset" 882
"C:/Users/Kostya/Documents/Unreal Projects/Painter/Content/FirstPersonArms/Character/Textures/Shared/T_UE_Logo_M.uexp" 883
"C:/Users/Kostya/Documents/Unreal Projects/Painter/Content/FirstPersonArms/Character/Materials/Functions/MF_logo3layers.uasset" 884
"C:/Users/Kostya/Documents/Unreal Projects/Painter/Content/FirstPersonArms/Character/Materials/Functions/MF_logo3layers.uexp" 885
"C:/Users/Kostya/Documents/Unreal Projects/Painter/Content/FirstPersonArms/Character/Materials/Functions/ML_BaseColorFallOff.uasset" 886
"C:/Users/Kostya/Documents/Unreal Projects/Painter/Content/FirstPersonArms/Character/Materials/Functions/ML_BaseColorFallOff.uexp" 887
"C:/Users/Kostya/Documents/Unreal Projects/Painter/Content/FirstPersonArms/Character/Materials/M_Mannequin.uasset" 888
"C:/Users/Kostya/Documents/Unreal Projects/Painter/Content/FirstPersonArms/Character/Materials/M_Mannequin.uexp" 889
"C:/Users/Kostya/Documents/Unreal Projects/Painter/Content/FirstPersonArms/Character/Materials/Instances/Manny/MI_Manny_01.uasset" 890
"C:/Users/Kostya/Documents/Unreal Projects/Painter/Content/FirstPersonArms/Character/Materials/Instances/Manny/MI_Manny_01.uexp" 891
"C:/Users/Kostya/Documents/Unreal Projects/Painter/Content/FirstPersonArms/Character/Textures/Manny/T_Manny_02_CCRCCPlastic_MSK.ubulk" 892
"C:/Users/Kostya/Documents/Unreal Projects/Painter/Content/FirstPersonArms/Character/Textures/Manny/T_Manny_02_CCRCCPlastic_MSK.uasset" 893
"C:/Users/Kostya/Documents/Unreal Projects/Painter/Content/FirstPersonArms/Character/Textures/Manny/T_Manny_02_CCRCCPlastic_MSK.uexp" 894
"C:/Users/Kostya/Documents/Unreal Projects/Painter/Content/FirstPersonArms/Character/Textures/Manny/T_Manny_02_MSR_MSK.ubulk" 895
"C:/Users/Kostya/Documents/Unreal Projects/Painter/Content/FirstPersonArms/Character/Textures/Manny/T_Manny_02_MSR_MSK.uasset" 896
"C:/Users/Kostya/Documents/Unreal Projects/Painter/Content/FirstPersonArms/Character/Textures/Manny/T_Manny_02_MSR_MSK.uexp" 897
"C:/Users/Kostya/Documents/Unreal Projects/Painter/Content/FirstPersonArms/Character/Textures/Manny/T_Manny_02_D.ubulk" 898
"C:/Users/Kostya/Documents/Unreal Projects/Painter/Content/FirstPersonArms/Character/Textures/Manny/T_Manny_02_D.uasset" 899
"C:/Users/Kostya/Documents/Unreal Projects/Painter/Content/FirstPersonArms/Character/Textures/Manny/T_Manny_02_D.uexp" 900
"C:/Users/Kostya/Documents/Unreal Projects/Painter/Content/FirstPersonArms/Character/Textures/Manny/T_Manny_02_Tan.ubulk" 901
"C:/Users/Kostya/Documents/Unreal Projects/Painter/Content/FirstPersonArms/Character/Textures/Manny/T_Manny_02_Tan.uasset" 902
"C:/Users/Kostya/Documents/Unreal Projects/Painter/Content/FirstPersonArms/Character/Textures/Manny/T_Manny_02_Tan.uexp" 903
"C:/Users/Kostya/Documents/Unreal Projects/Painter/Content/FirstPersonArms/Character/Materials/Instances/Manny/MI_Manny_02.uasset" 904
"C:/Users/Kostya/Documents/Unreal Projects/Painter/Content/FirstPersonArms/Character/Materials/Instances/Manny/MI_Manny_02.uexp" 905
"C:/Users/Kostya/Documents/Unreal Projects/Painter/Content/FirstPersonArms/Character/Mesh/SK_Mannequin_Arms_PhysicsAsset.uasset" 906
"C:/Users/Kostya/Documents/Unreal Projects/Painter/Content/FirstPersonArms/Character/Mesh/SK_Mannequin_Arms_PhysicsAsset.uexp" 907
"C:/Users/Kostya/Documents/Unreal Projects/Painter/Content/FirstPersonArms/Character/Mesh/SK_Mannequin_Arms_Skeleton.uasset" 908
"C:/Users/Kostya/Documents/Unreal Projects/Painter/Content/FirstPersonArms/Character/Mesh/SK_Mannequin_Arms_Skeleton.uexp" 909
"C:/Users/Kostya/Documents/Unreal Projects/Painter/Content/FirstPersonArms/Character/Mesh/SK_Mannequin_Arms.uasset" 910
"C:/Users/Kostya/Documents/Unreal Projects/Painter/Content/FirstPersonArms/Character/Mesh/SK_Mannequin_Arms.uexp" 911
"../../../Engine/Content/BasicShapes/Cube.ubulk" 912
"../../../Engine/Content/BasicShapes/Cube.uasset" 913
"../../../Engine/Content/BasicShapes/Cube.uexp" 914
"../../../Engine/Content/BasicShapes/Plane.ubulk" 915
"../../../Engine/Content/BasicShapes/Plane.uasset" 916
"../../../Engine/Content/BasicShapes/Plane.uexp" 917
"../../../Engine/Content/Functions/Engine_MaterialFunctions02/Texturing/CustomRotator.uasset" 918
"../../../Engine/Content/Functions/Engine_MaterialFunctions02/Texturing/CustomRotator.uexp" 919
"../../../Engine/Content/Functions/MaterialLayerFunctions/MatLayerBlend_Standard.uasset" 920
"../../../Engine/Content/Functions/MaterialLayerFunctions/MatLayerBlend_Standard.uexp" 921
"../../../Engine/Content/Functions/Engine_MaterialFunctions02/WorldPositionOffset/LocalPosition.uasset" 922
"../../../Engine/Content/Functions/Engine_MaterialFunctions02/WorldPositionOffset/LocalPosition.uexp" 923
"../../../Engine/Plugins/Enterprise/DatasmithContent/Content/Materials/FBXImporter/VRED/VREDRepeatMode.uasset" 924
"../../../Engine/Plugins/Enterprise/DatasmithContent/Content/Materials/FBXImporter/VRED/VREDRepeatMode.uexp" 925
"../../../Engine/Plugins/Enterprise/DatasmithContent/Content/Materials/FBXImporter/VRED/PlanarMapping.uasset" 926
"../../../Engine/Plugins/Enterprise/DatasmithContent/Content/Materials/FBXImporter/VRED/PlanarMapping.uexp" 927
"../../../Engine/Plugins/Enterprise/DatasmithContent/Content/Materials/FBXImporter/VRED/UVMapping.uasset" 928
"../../../Engine/Plugins/Enterprise/DatasmithContent/Content/Materials/FBXImporter/VRED/UVMapping.uexp" 929
"../../../Engine/Content/EditorShapes/Textures/T_ShapeNormal.ubulk" 930
"../../../Engine/Content/EditorShapes/Textures/T_ShapeNormal.uasset" 931
"../../../Engine/Content/EditorShapes/Textures/T_ShapeNormal.uexp" 932
"../../../Engine/Content/EngineResources/DefaultTexture.ubulk" 933
"../../../Engine/Content/EngineResources/DefaultTexture.uasset" 934
"../../../Engine/Content/EngineResources/DefaultTexture.uexp" 935
"../../../Engine/Plugins/Enterprise/DatasmithContent/Content/Materials/FBXImporter/VRED/TriplanarMapping.uasset" 936
"../../../Engine/Plugins/Enterprise/DatasmithContent/Content/Materials/FBXImporter/VRED/TriplanarMapping.uexp" 937
"../../../Engine/Plugins/Enterprise/DatasmithContent/Content/Materials/FBXImporter/VRED/VREDTextureRead.uasset" 938
"../../../Engine/Plugins/Enterprise/DatasmithContent/Content/Materials/FBXImporter/VRED/VREDTextureRead.uexp" 939
"../../../Engine/Content/Functions/Engine_MaterialFunctions02/Fresnel_Function.uasset" 940
"../../../Engine/Content/Functions/Engine_MaterialFunctions02/Fresnel_Function.uexp" 941
"../../../Engine/Content/Functions/Engine_MaterialFunctions01/Texturing/BakedDisplacement.uasset" 942
"../../../Engine/Content/Functions/Engine_MaterialFunctions01/Texturing/BakedDisplacement.uexp" 943
"../../../Engine/Plugins/Enterprise/DatasmithContent/Content/Materials/FBXImporter/VRED/UnicolorCarpaint.uasset" 944
"../../../Engine/Plugins/Enterprise/DatasmithContent/Content/Materials/FBXImporter/VRED/UnicolorCarpaint.uexp" 945
"../../../Engine/Content/BasicShapes/BasicShapeMaterial.uasset" 946
"../../../Engine/Content/BasicShapes/BasicShapeMaterial.uexp" 947
"C:/Users/Kostya/Documents/Unreal Projects/Painter/Content/Painter/Blueprint/BP_PaintZone.uasset" 948
"C:/Users/Kostya/Documents/Unreal Projects/Painter/Content/Painter/Blueprint/BP_PaintZone.uexp" 949
"../../../Engine/Content/Animation/DefaultAnimCurveCompressionSettings.uasset" 950
"../../../Engine/Content/Animation/DefaultAnimCurveCompressionSettings.uexp" 951
"../../../Engine/Content/Animation/DefaultAnimBoneCompressionSettings.uasset" 952
"../../../Engine/Content/Animation/DefaultAnimBoneCompressionSettings.uexp" 953
"C:/Users/Kostya/Documents/Unreal Projects/Painter/Content/FirstPersonArms/Animations/FP_Rifle_Idle.uasset" 954
"C:/Users/Kostya/Documents/Unreal Projects/Painter/Content/FirstPersonArms/Animations/FP_Rifle_Idle.uexp" 955
"C:/Users/Kostya/Documents/Unreal Projects/Painter/Content/FirstPersonArms/Animations/FP_Rifle_Land.uasset" 956
"C:/Users/Kostya/Documents/Unreal Projects/Painter/Content/FirstPersonArms/Animations/FP_Rifle_Land.uexp" 957
"C:/Users/Kostya/Documents/Unreal Projects/Painter/Content/FirstPersonArms/Animations/FP_Rifle_Run.uasset" 958
"C:/Users/Kostya/Documents/Unreal Projects/Painter/Content/FirstPersonArms/Animations/FP_Rifle_Run.uexp" 959
"C:/Users/Kostya/Documents/Unreal Projects/Painter/Content/FirstPersonArms/Animations/FP_Rifle_Falling.uasset" 960
"C:/Users/Kostya/Documents/Unreal Projects/Painter/Content/FirstPersonArms/Animations/FP_Rifle_Falling.uexp" 961
"../../../Engine/Content/Animation/DefaultRecorderBoneCompression.uasset" 962
"../../../Engine/Content/Animation/DefaultRecorderBoneCompression.uexp" 963
"C:/Users/Kostya/Documents/Unreal Projects/Painter/Content/FirstPersonArms/Animations/FP_Idle.uasset" 964
"C:/Users/Kostya/Documents/Unreal Projects/Painter/Content/FirstPersonArms/Animations/FP_Idle.uexp" 965
"C:/Users/Kostya/Documents/Unreal Projects/Painter/Content/FirstPersonArms/Animations/FP_Jump.uasset" 966
"C:/Users/Kostya/Documents/Unreal Projects/Painter/Content/FirstPersonArms/Animations/FP_Jump.uexp" 967
"C:/Users/Kostya/Documents/Unreal Projects/Painter/Content/FirstPersonArms/Animations/FP_Run_Fwd.uasset" 968
"C:/Users/Kostya/Documents/Unreal Projects/Painter/Content/FirstPersonArms/Animations/FP_Run_Fwd.uexp" 969
"C:/Users/Kostya/Documents/Unreal Projects/Painter/Content/FirstPersonArms/Animations/FP_Land.uasset" 970
"C:/Users/Kostya/Documents/Unreal Projects/Painter/Content/FirstPersonArms/Animations/FP_Land.uexp" 971
"C:/Users/Kostya/Documents/Unreal Projects/Painter/Content/FirstPersonArms/Animations/FP_Falling.uasset" 972
"C:/Users/Kostya/Documents/Unreal Projects/Painter/Content/FirstPersonArms/Animations/FP_Falling.uexp" 973
"../../../Engine/Content/Animation/DefaultVariableFrameStrippingSettings.uasset" 974
"../../../Engine/Content/Animation/DefaultVariableFrameStrippingSettings.uexp" 975
"C:/Users/Kostya/Documents/Unreal Projects/Painter/Content/FirstPersonArms/Animations/FP_Rifle_Jump.uasset" 976
"C:/Users/Kostya/Documents/Unreal Projects/Painter/Content/FirstPersonArms/Animations/FP_Rifle_Jump.uexp" 977
"C:/Users/Kostya/Documents/Unreal Projects/Painter/Content/FirstPersonArms/Animations/FirstPerson_AnimBP.uasset" 978
"C:/Users/Kostya/Documents/Unreal Projects/Painter/Content/FirstPersonArms/Animations/FirstPerson_AnimBP.uexp" 979
"C:/Users/Kostya/Documents/Unreal Projects/Painter/Content/FirstPerson/Blueprints/BP_FirstPersonCharacter.uasset" 980
"C:/Users/Kostya/Documents/Unreal Projects/Painter/Content/FirstPerson/Blueprints/BP_FirstPersonCharacter.uexp" 981
"C:/Users/Kostya/Documents/Unreal Projects/Painter/Content/Painter/Blueprint/Core/BP_GameMode.uasset" 982
"C:/Users/Kostya/Documents/Unreal Projects/Painter/Content/Painter/Blueprint/Core/BP_GameMode.uexp" 983
"../../../Engine/Content/Functions/Engine_MaterialFunctions01/Shading/PowerToRoughness.uasset" 984
"../../../Engine/Content/Functions/Engine_MaterialFunctions01/Shading/PowerToRoughness.uexp" 985
"../../../Engine/Content/Functions/Engine_MaterialFunctions01/Shading/ConvertFromDiffSpec.uasset" 986
"../../../Engine/Content/Functions/Engine_MaterialFunctions01/Shading/ConvertFromDiffSpec.uexp" 987
"C:/Users/Kostya/Documents/Unreal Projects/Painter/Content/LevelPrototyping/Textures/T_GridChecker_A.ubulk" 988
"C:/Users/Kostya/Documents/Unreal Projects/Painter/Content/LevelPrototyping/Textures/T_GridChecker_A.uasset" 989
"C:/Users/Kostya/Documents/Unreal Projects/Painter/Content/LevelPrototyping/Textures/T_GridChecker_A.uexp" 990
"../../../Engine/Content/Functions/Engine_MaterialFunctions01/Gradient/LinearGradient.uasset" 991
"../../../Engine/Content/Functions/Engine_MaterialFunctions01/Gradient/LinearGradient.uexp" 992
"../../../Engine/Content/Functions/Engine_MaterialFunctions01/ImageAdjustment/CheapContrast.uasset" 993
"../../../Engine/Content/Functions/Engine_MaterialFunctions01/ImageAdjustment/CheapContrast.uexp" 994
"C:/Users/Kostya/Documents/Unreal Projects/Painter/Content/LevelPrototyping/Materials/MF_ProcGrid.uasset" 995
"C:/Users/Kostya/Documents/Unreal Projects/Painter/Content/LevelPrototyping/Materials/MF_ProcGrid.uexp" 996
"C:/Users/Kostya/Documents/Unreal Projects/Painter/Content/LevelPrototyping/Materials/M_PrototypeGrid.uasset" 997
"C:/Users/Kostya/Documents/Unreal Projects/Painter/Content/LevelPrototyping/Materials/M_PrototypeGrid.uexp" 998
"C:/Users/Kostya/Documents/Unreal Projects/Painter/Content/LevelPrototyping/Materials/MI_PrototypeGrid_Gray.uasset" 999
"C:/Users/Kostya/Documents/Unreal Projects/Painter/Content/LevelPrototyping/Materials/MI_PrototypeGrid_Gray.uexp" 1000
"C:/Users/Kostya/Documents/Unreal Projects/Painter/Content/LevelPrototyping/Meshes/SM_Cube.ubulk" 1001
"C:/Users/Kostya/Documents/Unreal Projects/Painter/Content/LevelPrototyping/Meshes/SM_Cube.uasset" 1002
"C:/Users/Kostya/Documents/Unreal Projects/Painter/Content/LevelPrototyping/Meshes/SM_Cube.uexp" 1003
"../../../Engine/Content/EngineSky/T_Sky_Stars.ubulk" 1004
"../../../Engine/Content/EngineSky/T_Sky_Stars.uasset" 1005
"../../../Engine/Content/EngineSky/T_Sky_Stars.uexp" 1006
"../../../Engine/Content/EngineSky/T_Sky_Clouds_M.ubulk" 1007
"../../../Engine/Content/EngineSky/T_Sky_Clouds_M.uasset" 1008
"../../../Engine/Content/EngineSky/T_Sky_Clouds_M.uexp" 1009
"../../../Engine/Content/EngineSky/T_Sky_Blue.ubulk" 1010
"../../../Engine/Content/EngineSky/T_Sky_Blue.uasset" 1011
"../../../Engine/Content/EngineSky/T_Sky_Blue.uexp" 1012
"../../../Engine/Content/EngineSky/M_Sky_Panning_Clouds2.uasset" 1013
"../../../Engine/Content/EngineSky/M_Sky_Panning_Clouds2.uexp" 1014
"../../../Engine/Content/EngineSky/SM_SkySphere.ubulk" 1015
"../../../Engine/Content/EngineSky/SM_SkySphere.uasset" 1016
"../../../Engine/Content/EngineSky/SM_SkySphere.uexp" 1017
"../../../Engine/Content/EngineSky/M_SimpleSkyDome.uasset" 1018
"../../../Engine/Content/EngineSky/M_SimpleSkyDome.uexp" 1019
"C:/Users/Kostya/Documents/Unreal Projects/Painter/Content/Painter/Blueprint/Structure/Str_SaveInstances.uasset" 1020
"C:/Users/Kostya/Documents/Unreal Projects/Painter/Content/Painter/Blueprint/Structure/Str_SaveInstances.uexp" 1021
"C:/Users/Kostya/Documents/Unreal Projects/Painter/Content/Painter/Blueprint/BP_DrawImage.uasset" 1022
"C:/Users/Kostya/Documents/Unreal Projects/Painter/Content/Painter/Blueprint/BP_DrawImage.uexp" 1023
"C:/Users/Kostya/Documents/Unreal Projects/Painter/Content/Painter/Blueprint/Structure/DT_SaveImage.uasset" 1024
"C:/Users/Kostya/Documents/Unreal Projects/Painter/Content/Painter/Blueprint/Structure/DT_SaveImage.uexp" 1025
"../../../Engine/Content/Maps/Entry_BuiltData.uasset" 1026
"../../../Engine/Content/Maps/Entry_BuiltData.uexp" 1027
"../../../Engine/Content/Maps/Entry.uexp" 1028
"../../../Engine/Content/Maps/Entry.umap" 1029
"C:/Users/Kostya/Documents/Unreal Projects/Painter/Content/Painter/Maps/ExamplePaintMap.uexp" 1030
"C:/Users/Kostya/Documents/Unreal Projects/Painter/Content/Painter/Maps/ExamplePaintMap.umap" 1031
